# JRE version: OpenJDK Runtime Environment Temurin-17.0.19+10 (17.0.19+10) (build 17.0.19+10)
# Java VM: OpenJDK 64-Bit Server VM Temurin-17.0.19+10 (17.0.19+10, mixed mode, sharing, tiered, compressed oops, compressed class ptrs, g1 gc, windows-amd64)
GC Precious Log:
 CPUs: 4 total, 4 available
 Memory: 3499M
 Large Page Support: Disabled
 NUMA Support: Disabled
 Compressed Oops: Enabled (32-bit)
 Heap Region Size: 1M
 Heap Min Capacity: 8M
 Heap Initial Capacity: 56M
 Heap Max Capacity: 2G
 Pre-touch: Disabled
 Parallel Workers: 4
 Concurrent Workers: 1
 Concurrent Refinement Workers: 4
 Periodic GC: Disabled
Heap:
 garbage-first heap   total 57344K, used 41550K [0x0000000080000000, 0x0000000100000000)
  region size 1024K, 15 young (15360K), 2 survivors (2048K)
 Metaspace       used 29366K, committed 29824K, reserved 491520K
  class space    used 4309K, committed 4544K, reserved 425984K
GC Heap History (20 events):
Event: 4.353 GC heap before
{Heap before GC invocations=3 (full 0):
 garbage-first heap   total 57344K, used 39852K [0x0000000080000000, 0x0000000100000000)
  region size 1024K, 32 young (32768K), 4 survivors (4096K)
 Metaspace       used 4446K, committed 4608K, reserved 491520K
  class space    used 548K, committed 640K, reserved 425984K
}
Event: 4.359 GC heap after
{Heap after GC invocations=4 (full 0):
 garbage-first heap   total 57344K, used 12781K [0x0000000080000000, 0x0000000100000000)
  region size 1024K, 3 young (3072K), 3 survivors (3072K)
 Metaspace       used 4446K, committed 4608K, reserved 491520K
  class space    used 548K, committed 640K, reserved 425984K
}
Event: 6.310 GC heap before
{Heap before GC invocations=4 (full 0):
 garbage-first heap   total 57344K, used 43501K [0x0000000080000000, 0x0000000100000000)
  region size 1024K, 31 young (31744K), 3 survivors (3072K)
 Metaspace       used 7718K, committed 8000K, reserved 491520K
  class space    used 1040K, committed 1152K, reserved 425984K
}
Event: 6.321 GC heap after
{Heap after GC invocations=5 (full 0):
 garbage-first heap   total 57344K, used 18100K [0x0000000080000000, 0x0000000100000000)
  region size 1024K, 4 young (4096K), 4 survivors (4096K)
 Metaspace       used 7718K, committed 8000K, reserved 491520K
  class space    used 1040K, committed 1152K, reserved 425984K
}
Event: 8.544 GC heap before
{Heap before GC invocations=5 (full 0):
 garbage-first heap   total 57344K, used 40628K [0x0000000080000000, 0x0000000100000000)
  region size 1024K, 27 young (27648K), 4 survivors (4096K)
 Metaspace       used 12793K, committed 13056K, reserved 491520K
  class space    used 1709K, committed 1856K, reserved 425984K
}
Event: 8.553 GC heap after
{Heap after GC invocations=6 (full 0):
 garbage-first heap   total 57344K, used 20867K [0x0000000080000000, 0x0000000100000000)
  region size 1024K, 3 young (3072K), 3 survivors (3072K)
 Metaspace       used 12793K, committed 13056K, reserved 491520K
  class space    used 1709K, committed 1856K, reserved 425984K
}
Event: 10.423 GC heap before
{Heap before GC invocations=6 (full 0):
 garbage-first heap   total 57344K, used 43395K [0x0000000080000000, 0x0000000100000000)
  region size 1024K, 25 young (25600K), 3 survivors (3072K)
 Metaspace       used 16102K, committed 16384K, reserved 491520K
  class space    used 2239K, committed 2368K, reserved 425984K
}
Event: 10.429 GC heap after
{Heap after GC invocations=7 (full 0):
 garbage-first heap   total 57344K, used 22099K [0x0000000080000000, 0x0000000100000000)
  region size 1024K, 2 young (2048K), 2 survivors (2048K)
 Metaspace       used 16102K, committed 16384K, reserved 491520K
  class space    used 2239K, committed 2368K, reserved 425984K
}
Event: 11.227 GC heap before
{Heap before GC invocations=7 (full 0):
 garbage-first heap   total 57344K, used 43603K [0x0000000080000000, 0x0000000100000000)
  region size 1024K, 23 young (23552K), 2 survivors (2048K)
 Metaspace       used 18742K, committed 19008K, reserved 491520K
  class space    used 2705K, committed 2816K, reserved 425984K
}
Event: 11.231 GC heap after
{Heap after GC invocations=8 (full 0):
 garbage-first heap   total 57344K, used 23173K [0x0000000080000000, 0x0000000100000000)
  region size 1024K, 3 young (3072K), 3 survivors (3072K)
 Metaspace       used 18742K, committed 19008K, reserved 491520K
  class space    used 2705K, committed 2816K, reserved 425984K
}
Event: 12.475 GC heap before
{Heap before GC invocations=8 (full 0):
 garbage-first heap   total 57344K, used 43653K [0x0000000080000000, 0x0000000100000000)
  region size 1024K, 23 young (23552K), 3 survivors (3072K)
 Metaspace       used 21034K, committed 21312K, reserved 491520K
  class space    used 3055K, committed 3200K, reserved 425984K
}
Event: 12.482 GC heap after
{Heap after GC invocations=9 (full 0):
 garbage-first heap   total 57344K, used 24687K [0x0000000080000000, 0x0000000100000000)
  region size 1024K, 3 young (3072K), 3 survivors (3072K)
 Metaspace       used 21034K, committed 21312K, reserved 491520K
  class space    used 3055K, committed 3200K, reserved 425984K
}
Event: 12.602 GC heap before
{Heap before GC invocations=9 (full 0):
 garbage-first heap   total 57344K, used 25711K [0x0000000080000000, 0x0000000100000000)
  region size 1024K, 5 young (5120K), 3 survivors (3072K)
 Metaspace       used 21165K, committed 21504K, reserved 491520K
  class space    used 3078K, committed 3200K, reserved 425984K
}
Event: 12.610 GC heap after
{Heap after GC invocations=10 (full 0):
 garbage-first heap   total 57344K, used 25011K [0x0000000080000000, 0x0000000100000000)
  region size 1024K, 2 young (2048K), 2 survivors (2048K)
 Metaspace       used 21165K, committed 21504K, reserved 491520K
  class space    used 3078K, committed 3200K, reserved 425984K
}
Event: 13.570 GC heap before
{Heap before GC invocations=11 (full 0):
 garbage-first heap   total 57344K, used 43443K [0x0000000080000000, 0x0000000100000000)
  region size 1024K, 21 young (21504K), 2 survivors (2048K)
 Metaspace       used 23352K, committed 23744K, reserved 491520K
  class space    used 3464K, committed 3648K, reserved 425984K
}
Event: 13.576 GC heap after
{Heap after GC invocations=12 (full 0):
 garbage-first heap   total 57344K, used 26668K [0x0000000080000000, 0x0000000100000000)
  region size 1024K, 2 young (2048K), 2 survivors (2048K)
 Metaspace       used 23352K, committed 23744K, reserved 491520K
  class space    used 3464K, committed 3648K, reserved 425984K
}
Event: 14.396 GC heap before
{Heap before GC invocations=12 (full 0):
 garbage-first heap   total 57344K, used 44076K [0x0000000080000000, 0x0000000100000000)
  region size 1024K, 20 young (20480K), 2 survivors (2048K)
 Metaspace       used 25847K, committed 26240K, reserved 491520K
  class space    used 3768K, committed 3968K, reserved 425984K
}
Event: 14.401 GC heap after
{Heap after GC invocations=13 (full 0):
 garbage-first heap   total 57344K, used 28233K [0x0000000080000000, 0x0000000100000000)
  region size 1024K, 2 young (2048K), 2 survivors (2048K)
 Metaspace       used 25847K, committed 26240K, reserved 491520K
  class space    used 3768K, committed 3968K, reserved 425984K
}
Event: 15.441 GC heap before
{Heap before GC invocations=13 (full 0):
 garbage-first heap   total 57344K, used 43593K [0x0000000080000000, 0x0000000100000000)
  region size 1024K, 18 young (18432K), 2 survivors (2048K)
 Metaspace       used 27873K, committed 28352K, reserved 491520K
  class space    used 4082K, committed 4288K, reserved 425984K
}
Event: 15.445 GC heap after
{Heap after GC invocations=14 (full 0):
 garbage-first heap   total 57344K, used 29262K [0x0000000080000000, 0x0000000100000000)
  region size 1024K, 2 young (2048K), 2 survivors (2048K)
 Metaspace       used 27873K, committed 28352K, reserved 491520K
  class space    used 4082K, committed 4288K, reserved 425984K
}

