# JRE version: OpenJDK Runtime Environment Temurin-21.0.11+10 (21.0.11+10) (build 21.0.11+10-LTS)
# Java VM: OpenJDK 64-Bit Server VM Temurin-21.0.11+10 (21.0.11+10-LTS, mixed mode, sharing, tiered, compressed oops, compressed class ptrs, g1 gc, windows-amd64)
GC Precious Log:
 CardTable entry size: 512
 Card Set container configuration: InlinePtr #cards 5 size 8 Array Of Cards #cards 12 size 40 Howl #buckets 4 coarsen threshold 1843 Howl Bitmap #cards 512 size 80 coarsen threshold 460 Card regions per heap region 1 cards per card region 2048
 CPUs: 4 total, 4 available
 Memory: 3499M
 Large Page Support: Disabled
 NUMA Support: Disabled
 Compressed Oops: Enabled (32-bit)
 Heap Region Size: 1M
 Heap Min Capacity: 8M
 Heap Initial Capacity: 56M
 Heap Max Capacity: 2G
 Pre-touch: Disabled
 Parallel Workers: 4
 Concurrent Workers: 1
 Concurrent Refinement Workers: 4
 Periodic GC: Disabled
Heap:
 garbage-first heap   total 57344K, used 45747K [0x0000000080000000, 0x0000000100000000)
  region size 1024K, 20 young (20480K), 4 survivors (4096K)
 Metaspace       used 32407K, committed 33408K, reserved 491520K
  class space    used 4607K, committed 5120K, reserved 425984K
GC Heap History (20 events):
Event: 5.940 GC heap before
{Heap before GC invocations=1 (full 0):
 garbage-first heap   total 57344K, used 27968K [0x0000000080000000, 0x0000000100000000)
  region size 1024K, 26 young (26624K), 2 survivors (2048K)
 Metaspace       used 3357K, committed 3584K, reserved 491520K
  class space    used 432K, committed 576K, reserved 425984K
}
Event: 5.955 GC heap after
{Heap after GC invocations=2 (full 0):
 garbage-first heap   total 57344K, used 10240K [0x0000000080000000, 0x0000000100000000)
  region size 1024K, 4 young (4096K), 4 survivors (4096K)
 Metaspace       used 3357K, committed 3584K, reserved 491520K
  class space    used 432K, committed 576K, reserved 425984K
}
Event: 9.417 GC heap before
{Heap before GC invocations=2 (full 0):
 garbage-first heap   total 57344K, used 39936K [0x0000000080000000, 0x0000000100000000)
  region size 1024K, 33 young (33792K), 4 survivors (4096K)
 Metaspace       used 4457K, committed 4608K, reserved 491520K
  class space    used 561K, committed 640K, reserved 425984K
}
Event: 9.432 GC heap after
{Heap after GC invocations=3 (full 0):
 garbage-first heap   total 57344K, used 11138K [0x0000000080000000, 0x0000000100000000)
  region size 1024K, 1 young (1024K), 1 survivors (1024K)
 Metaspace       used 4457K, committed 4608K, reserved 491520K
  class space    used 561K, committed 640K, reserved 425984K
}
Event: 15.169 GC heap before
{Heap before GC invocations=3 (full 0):
 garbage-first heap   total 57344K, used 44930K [0x0000000080000000, 0x0000000100000000)
  region size 1024K, 33 young (33792K), 1 survivors (1024K)
 Metaspace       used 4520K, committed 4672K, reserved 491520K
  class space    used 562K, committed 640K, reserved 425984K
}
Event: 15.182 GC heap after
{Heap after GC invocations=4 (full 0):
 garbage-first heap   total 57344K, used 15923K [0x0000000080000000, 0x0000000100000000)
  region size 1024K, 5 young (5120K), 5 survivors (5120K)
 Metaspace       used 4520K, committed 4672K, reserved 491520K
  class space    used 562K, committed 640K, reserved 425984K
}
Event: 38.242 GC heap before
{Heap before GC invocations=4 (full 0):
 garbage-first heap   total 57344K, used 44595K [0x0000000080000000, 0x0000000100000000)
  region size 1024K, 33 young (33792K), 5 survivors (5120K)
 Metaspace       used 10359K, committed 10624K, reserved 491520K
  class space    used 1414K, committed 1536K, reserved 425984K
}
Event: 38.307 GC heap after
{Heap after GC invocations=5 (full 0):
 garbage-first heap   total 57344K, used 19860K [0x0000000080000000, 0x0000000100000000)
  region size 1024K, 4 young (4096K), 4 survivors (4096K)
 Metaspace       used 10359K, committed 10624K, reserved 491520K
  class space    used 1414K, committed 1536K, reserved 425984K
}
Event: 48.095 GC heap before
{Heap before GC invocations=5 (full 0):
 garbage-first heap   total 57344K, used 44436K [0x0000000080000000, 0x0000000100000000)
  region size 1024K, 29 young (29696K), 4 survivors (4096K)
 Metaspace       used 14978K, committed 15424K, reserved 491520K
  class space    used 2085K, committed 2304K, reserved 425984K
}
Event: 48.114 GC heap after
{Heap after GC invocations=6 (full 0):
 garbage-first heap   total 57344K, used 21728K [0x0000000080000000, 0x0000000100000000)
  region size 1024K, 2 young (2048K), 2 survivors (2048K)
 Metaspace       used 14978K, committed 15424K, reserved 491520K
  class space    used 2085K, committed 2304K, reserved 425984K
}
Event: 62.913 GC heap before
{Heap before GC invocations=6 (full 0):
 garbage-first heap   total 57344K, used 45280K [0x0000000080000000, 0x0000000100000000)
  region size 1024K, 26 young (26624K), 2 survivors (2048K)
 Metaspace       used 18368K, committed 18944K, reserved 491520K
  class space    used 2637K, committed 2880K, reserved 425984K
}
Event: 62.931 GC heap after
{Heap after GC invocations=7 (full 0):
 garbage-first heap   total 57344K, used 22866K [0x0000000080000000, 0x0000000100000000)
  region size 1024K, 3 young (3072K), 3 survivors (3072K)
 Metaspace       used 18368K, committed 18944K, reserved 491520K
  class space    used 2637K, committed 2880K, reserved 425984K
}
Event: 69.510 GC heap before
{Heap before GC invocations=7 (full 0):
 garbage-first heap   total 57344K, used 42322K [0x0000000080000000, 0x0000000100000000)
  region size 1024K, 23 young (23552K), 3 survivors (3072K)
 Metaspace       used 20877K, committed 21504K, reserved 491520K
  class space    used 3066K, committed 3392K, reserved 425984K
}
Event: 69.532 GC heap after
{Heap after GC invocations=8 (full 0):
 garbage-first heap   total 57344K, used 24299K [0x0000000080000000, 0x0000000100000000)
  region size 1024K, 3 young (3072K), 3 survivors (3072K)
 Metaspace       used 20877K, committed 21504K, reserved 491520K
  class space    used 3066K, committed 3392K, reserved 425984K
}
Event: 74.137 GC heap before
{Heap before GC invocations=9 (full 0):
 garbage-first heap   total 57344K, used 48875K [0x0000000080000000, 0x0000000100000000)
  region size 1024K, 27 young (27648K), 3 survivors (3072K)
 Metaspace       used 24074K, committed 25024K, reserved 491520K
  class space    used 3627K, committed 4096K, reserved 425984K
}
Event: 74.157 GC heap after
{Heap after GC invocations=10 (full 0):
 garbage-first heap   total 57344K, used 25933K [0x0000000080000000, 0x0000000100000000)
  region size 1024K, 3 young (3072K), 3 survivors (3072K)
 Metaspace       used 24074K, committed 25024K, reserved 491520K
  class space    used 3627K, committed 4096K, reserved 425984K
}
Event: 77.459 GC heap before
{Heap before GC invocations=10 (full 0):
 garbage-first heap   total 57344K, used 49485K [0x0000000080000000, 0x0000000100000000)
  region size 1024K, 26 young (26624K), 3 survivors (3072K)
 Metaspace       used 27672K, committed 28672K, reserved 491520K
  class space    used 4120K, committed 4608K, reserved 425984K
}
Event: 77.482 GC heap after
{Heap after GC invocations=11 (full 0):
 garbage-first heap   total 57344K, used 27076K [0x0000000080000000, 0x0000000100000000)
  region size 1024K, 3 young (3072K), 3 survivors (3072K)
 Metaspace       used 27672K, committed 28672K, reserved 491520K
  class space    used 4120K, committed 4608K, reserved 425984K
}
Event: 84.996 GC heap before
{Heap before GC invocations=11 (full 0):
 garbage-first heap   total 57344K, used 49604K [0x0000000080000000, 0x0000000100000000)
  region size 1024K, 26 young (26624K), 3 survivors (3072K)
 Metaspace       used 32382K, committed 33408K, reserved 491520K
  class space    used 4604K, committed 5120K, reserved 425984K
}
Event: 85.104 GC heap after
{Heap after GC invocations=12 (full 0):
 garbage-first heap   total 57344K, used 30387K [0x0000000080000000, 0x0000000100000000)
  region size 1024K, 4 young (4096K), 4 survivors (4096K)
 Metaspace       used 32382K, committed 33408K, reserved 491520K
  class space    used 4604K, committed 5120K, reserved 425984K
}

