# JRE version: OpenJDK Runtime Environment Temurin-17.0.19+10 (17.0.19+10) (build 17.0.19+10)
# Java VM: OpenJDK 64-Bit Server VM Temurin-17.0.19+10 (17.0.19+10, mixed mode, sharing, tiered, compressed oops, compressed class ptrs, g1 gc, windows-amd64)
GC Precious Log:
 CPUs: 4 total, 4 available
 Memory: 3499M
 Large Page Support: Disabled
 NUMA Support: Disabled
 Compressed Oops: Enabled (32-bit)
 Heap Region Size: 1M
 Heap Min Capacity: 8M
 Heap Initial Capacity: 56M
 Heap Max Capacity: 2G
 Pre-touch: Disabled
 Parallel Workers: 4
 Concurrent Workers: 1
 Concurrent Refinement Workers: 4
 Periodic GC: Disabled
Heap:
 garbage-first heap   total 192512K, used 103601K [0x0000000080000000, 0x0000000100000000)
  region size 1024K, 10 young (10240K), 7 survivors (7168K)
 Metaspace       used 78571K, committed 79424K, reserved 557056K
  class space    used 10709K, committed 11072K, reserved 425984K
GC Heap History (20 events):
Event: 200.888 GC heap after
{Heap after GC invocations=51 (full 0):
 garbage-first heap   total 110592K, used 72250K [0x0000000080000000, 0x0000000100000000)
  region size 1024K, 3 young (3072K), 3 survivors (3072K)
 Metaspace       used 55892K, committed 56576K, reserved 491520K
  class space    used 7539K, committed 7872K, reserved 425984K
}
Event: 201.957 GC heap before
{Heap before GC invocations=52 (full 0):
 garbage-first heap   total 140288K, used 89658K [0x0000000080000000, 0x0000000100000000)
  region size 1024K, 21 young (21504K), 3 survivors (3072K)
 Metaspace       used 57813K, committed 58432K, reserved 491520K
  class space    used 7739K, committed 8000K, reserved 425984K
}
Event: 201.968 GC heap after
{Heap after GC invocations=53 (full 0):
 garbage-first heap   total 140288K, used 72831K [0x0000000080000000, 0x0000000100000000)
  region size 1024K, 2 young (2048K), 2 survivors (2048K)
 Metaspace       used 57813K, committed 58432K, reserved 491520K
  class space    used 7739K, committed 8000K, reserved 425984K
}
Event: 202.351 GC heap before
{Heap before GC invocations=53 (full 0):
 garbage-first heap   total 140288K, used 76927K [0x0000000080000000, 0x0000000100000000)
  region size 1024K, 6 young (6144K), 2 survivors (2048K)
 Metaspace       used 58309K, committed 58944K, reserved 491520K
  class space    used 7779K, committed 8064K, reserved 425984K
}
Event: 202.357 GC heap after
{Heap after GC invocations=54 (full 0):
 garbage-first heap   total 140288K, used 72665K [0x0000000080000000, 0x0000000100000000)
  region size 1024K, 1 young (1024K), 1 survivors (1024K)
 Metaspace       used 58309K, committed 58944K, reserved 491520K
  class space    used 7779K, committed 8064K, reserved 425984K
}
Event: 205.401 GC heap before
{Heap before GC invocations=54 (full 0):
 garbage-first heap   total 140288K, used 119769K [0x0000000080000000, 0x0000000100000000)
  region size 1024K, 42 young (43008K), 1 survivors (1024K)
 Metaspace       used 60916K, committed 61632K, reserved 491520K
  class space    used 8189K, committed 8512K, reserved 425984K
}
Event: 205.425 GC heap after
{Heap after GC invocations=55 (full 0):
 garbage-first heap   total 192512K, used 78010K [0x0000000080000000, 0x0000000100000000)
  region size 1024K, 5 young (5120K), 5 survivors (5120K)
 Metaspace       used 60916K, committed 61632K, reserved 491520K
  class space    used 8189K, committed 8512K, reserved 425984K
}
Event: 210.653 GC heap before
{Heap before GC invocations=55 (full 0):
 garbage-first heap   total 192512K, used 157882K [0x0000000080000000, 0x0000000100000000)
  region size 1024K, 83 young (84992K), 5 survivors (5120K)
 Metaspace       used 65246K, committed 65984K, reserved 491520K
  class space    used 8761K, committed 9088K, reserved 425984K
}
Event: 210.671 GC heap after
{Heap after GC invocations=56 (full 0):
 garbage-first heap   total 192512K, used 82852K [0x0000000080000000, 0x0000000100000000)
  region size 1024K, 10 young (10240K), 10 survivors (10240K)
 Metaspace       used 65246K, committed 65984K, reserved 491520K
  class space    used 8761K, committed 9088K, reserved 425984K
}
Event: 228.272 GC heap before
{Heap before GC invocations=56 (full 0):
 garbage-first heap   total 192512K, used 155556K [0x0000000080000000, 0x0000000100000000)
  region size 1024K, 80 young (81920K), 10 survivors (10240K)
 Metaspace       used 69137K, committed 69888K, reserved 491520K
  class space    used 9267K, committed 9600K, reserved 425984K
}
Event: 228.396 GC heap after
{Heap after GC invocations=57 (full 0):
 garbage-first heap   total 192512K, used 86597K [0x0000000080000000, 0x0000000100000000)
  region size 1024K, 9 young (9216K), 9 survivors (9216K)
 Metaspace       used 69137K, committed 69888K, reserved 491520K
  class space    used 9267K, committed 9600K, reserved 425984K
}
Event: 234.362 GC heap before
{Heap before GC invocations=57 (full 0):
 garbage-first heap   total 192512K, used 156229K [0x0000000080000000, 0x0000000100000000)
  region size 1024K, 77 young (78848K), 9 survivors (9216K)
 Metaspace       used 74447K, committed 75200K, reserved 491520K
  class space    used 10132K, committed 10496K, reserved 425984K
}
Event: 234.433 GC heap after
{Heap after GC invocations=58 (full 0):
 garbage-first heap   total 192512K, used 89716K [0x0000000080000000, 0x0000000100000000)
  region size 1024K, 7 young (7168K), 7 survivors (7168K)
 Metaspace       used 74447K, committed 75200K, reserved 491520K
  class space    used 10132K, committed 10496K, reserved 425984K
}
Event: 274.589 GC heap before
{Heap before GC invocations=58 (full 0):
 garbage-first heap   total 192512K, used 159348K [0x0000000080000000, 0x0000000100000000)
  region size 1024K, 75 young (76800K), 7 survivors (7168K)
 Metaspace       used 78055K, committed 78848K, reserved 557056K
  class space    used 10642K, committed 11008K, reserved 425984K
}
Event: 275.509 GC heap after
{Heap after GC invocations=59 (full 0):
 garbage-first heap   total 192512K, used 95291K [0x0000000080000000, 0x0000000100000000)
  region size 1024K, 9 young (9216K), 9 survivors (9216K)
 Metaspace       used 78055K, committed 78848K, reserved 557056K
  class space    used 10642K, committed 11008K, reserved 425984K
}
Event: 276.321 GC heap before
{Heap before GC invocations=59 (full 0):
 garbage-first heap   total 192512K, used 95291K [0x0000000080000000, 0x0000000100000000)
  region size 1024K, 10 young (10240K), 9 survivors (9216K)
 Metaspace       used 78055K, committed 78848K, reserved 557056K
  class space    used 10642K, committed 11008K, reserved 425984K
}
Event: 276.412 GC heap after
{Heap after GC invocations=60 (full 0):
 garbage-first heap   total 192512K, used 96826K [0x0000000080000000, 0x0000000100000000)
  region size 1024K, 2 young (2048K), 2 survivors (2048K)
 Metaspace       used 78055K, committed 78848K, reserved 557056K
  class space    used 10642K, committed 11008K, reserved 425984K
}
Event: 286.210 GC heap before
{Heap before GC invocations=60 (full 0):
 garbage-first heap   total 192512K, used 159290K [0x0000000080000000, 0x0000000100000000)
  region size 1024K, 63 young (64512K), 2 survivors (2048K)
 Metaspace       used 78124K, committed 78912K, reserved 557056K
  class space    used 10651K, committed 11008K, reserved 425984K
}
Event: 286.219 GC heap after
{Heap after GC invocations=61 (full 0):
 garbage-first heap   total 192512K, used 98058K [0x0000000080000000, 0x0000000100000000)
  region size 1024K, 3 young (3072K), 3 survivors (3072K)
 Metaspace       used 78124K, committed 78912K, reserved 557056K
  class space    used 10651K, committed 11008K, reserved 425984K
}
Event: 290.183 GC heap before
{Heap before GC invocations=61 (full 0):
 garbage-first heap   total 192512K, used 160522K [0x0000000080000000, 0x0000000100000000)
  region size 1024K, 64 young (65536K), 3 survivors (3072K)
 Metaspace       used 78571K, committed 79424K, reserved 557056K
  class space    used 10709K, committed 11072K, reserved 425984K
}

