# JRE version: OpenJDK Runtime Environment Temurin-17.0.19+10 (17.0.19+10) (build 17.0.19+10)
# Java VM: OpenJDK 64-Bit Server VM Temurin-17.0.19+10 (17.0.19+10, mixed mode, sharing, tiered, compressed oops, compressed class ptrs, g1 gc, windows-amd64)
GC Precious Log:
 CPUs: 4 total, 4 available
 Memory: 3499M
 Large Page Support: Disabled
 NUMA Support: Disabled
 Compressed Oops: Enabled (32-bit)
 Heap Region Size: 1M
 Heap Min Capacity: 8M
 Heap Initial Capacity: 56M
 Heap Max Capacity: 2G
 Pre-touch: Disabled
 Parallel Workers: 4
 Concurrent Workers: 1
 Concurrent Refinement Workers: 4
 Periodic GC: Disabled
Heap:
 garbage-first heap   total 276480K, used 204398K [0x0000000080000000, 0x0000000100000000)
  region size 1024K, 72 young (73728K), 1 survivors (1024K)
 Metaspace       used 99993K, committed 101120K, reserved 557056K
  class space    used 13573K, committed 14080K, reserved 425984K
GC Heap History (20 events):
Event: 211.262 GC heap before
{Heap before GC invocations=80 (full 0):
 garbage-first heap   total 196608K, used 167257K [0x0000000080000000, 0x0000000100000000)
  region size 1024K, 67 young (68608K), 8 survivors (8192K)
 Metaspace       used 81543K, committed 82496K, reserved 557056K
  class space    used 11159K, committed 11584K, reserved 425984K
}
Event: 211.350 GC heap after
{Heap after GC invocations=81 (full 0):
 garbage-first heap   total 196608K, used 108727K [0x0000000080000000, 0x0000000100000000)
  region size 1024K, 7 young (7168K), 7 survivors (7168K)
 Metaspace       used 81543K, committed 82496K, reserved 557056K
  class space    used 11159K, committed 11584K, reserved 425984K
}
Event: 226.401 GC heap before
{Heap before GC invocations=81 (full 0):
 garbage-first heap   total 196608K, used 165047K [0x0000000080000000, 0x0000000100000000)
  region size 1024K, 62 young (63488K), 7 survivors (7168K)
 Metaspace       used 86049K, committed 86912K, reserved 557056K
  class space    used 11759K, committed 12160K, reserved 425984K
}
Event: 226.520 GC heap after
{Heap after GC invocations=82 (full 0):
 garbage-first heap   total 196608K, used 111009K [0x0000000080000000, 0x0000000100000000)
  region size 1024K, 5 young (5120K), 5 survivors (5120K)
 Metaspace       used 86049K, committed 86912K, reserved 557056K
  class space    used 11759K, committed 12160K, reserved 425984K
}
Event: 239.921 GC heap before
{Heap before GC invocations=83 (full 0):
 garbage-first heap   total 208896K, used 165281K [0x0000000080000000, 0x0000000100000000)
  region size 1024K, 58 young (59392K), 5 survivors (5120K)
 Metaspace       used 88608K, committed 89536K, reserved 557056K
  class space    used 12151K, committed 12544K, reserved 425984K
}
Event: 239.978 GC heap after
{Heap after GC invocations=84 (full 0):
 garbage-first heap   total 208896K, used 113413K [0x0000000080000000, 0x0000000100000000)
  region size 1024K, 5 young (5120K), 5 survivors (5120K)
 Metaspace       used 88608K, committed 89536K, reserved 557056K
  class space    used 12151K, committed 12544K, reserved 425984K
}
Event: 240.274 GC heap before
{Heap before GC invocations=84 (full 0):
 garbage-first heap   total 208896K, used 118533K [0x0000000080000000, 0x0000000100000000)
  region size 1024K, 10 young (10240K), 5 survivors (5120K)
 Metaspace       used 88774K, committed 89728K, reserved 557056K
  class space    used 12172K, committed 12608K, reserved 425984K
}
Event: 240.305 GC heap after
{Heap after GC invocations=85 (full 0):
 garbage-first heap   total 208896K, used 114231K [0x0000000080000000, 0x0000000100000000)
  region size 1024K, 1 young (1024K), 1 survivors (1024K)
 Metaspace       used 88774K, committed 89728K, reserved 557056K
  class space    used 12172K, committed 12608K, reserved 425984K
}
Event: 243.667 GC heap before
{Heap before GC invocations=85 (full 0):
 garbage-first heap   total 208896K, used 176695K [0x0000000080000000, 0x0000000100000000)
  region size 1024K, 62 young (63488K), 1 survivors (1024K)
 Metaspace       used 89645K, committed 90560K, reserved 557056K
  class space    used 12278K, committed 12736K, reserved 425984K
}
Event: 243.698 GC heap after
{Heap after GC invocations=86 (full 0):
 garbage-first heap   total 208896K, used 117447K [0x0000000080000000, 0x0000000100000000)
  region size 1024K, 5 young (5120K), 5 survivors (5120K)
 Metaspace       used 89645K, committed 90560K, reserved 557056K
  class space    used 12278K, committed 12736K, reserved 425984K
}
Event: 246.112 GC heap before
{Heap before GC invocations=86 (full 0):
 garbage-first heap   total 208896K, used 175815K [0x0000000080000000, 0x0000000100000000)
  region size 1024K, 62 young (63488K), 5 survivors (5120K)
 Metaspace       used 90191K, committed 91200K, reserved 557056K
  class space    used 12345K, committed 12800K, reserved 425984K
}
Event: 246.135 GC heap after
{Heap after GC invocations=87 (full 0):
 garbage-first heap   total 208896K, used 122074K [0x0000000080000000, 0x0000000100000000)
  region size 1024K, 8 young (8192K), 8 survivors (8192K)
 Metaspace       used 90191K, committed 91200K, reserved 557056K
  class space    used 12345K, committed 12800K, reserved 425984K
}
Event: 248.144 GC heap before
{Heap before GC invocations=87 (full 0):
 garbage-first heap   total 208896K, used 174298K [0x0000000080000000, 0x0000000100000000)
  region size 1024K, 60 young (61440K), 8 survivors (8192K)
 Metaspace       used 90447K, committed 91520K, reserved 557056K
  class space    used 12375K, committed 12864K, reserved 425984K
}
Event: 248.203 GC heap after
{Heap after GC invocations=88 (full 0):
 garbage-first heap   total 208896K, used 125793K [0x0000000080000000, 0x0000000100000000)
  region size 1024K, 4 young (4096K), 4 survivors (4096K)
 Metaspace       used 90447K, committed 91520K, reserved 557056K
  class space    used 12375K, committed 12864K, reserved 425984K
}
Event: 250.949 GC heap before
{Heap before GC invocations=88 (full 0):
 garbage-first heap   total 208896K, used 175969K [0x0000000080000000, 0x0000000100000000)
  region size 1024K, 53 young (54272K), 4 survivors (4096K)
 Metaspace       used 91262K, committed 92352K, reserved 557056K
  class space    used 12487K, committed 12992K, reserved 425984K
}
Event: 250.983 GC heap after
{Heap after GC invocations=89 (full 0):
 garbage-first heap   total 208896K, used 127093K [0x0000000080000000, 0x0000000100000000)
  region size 1024K, 5 young (5120K), 5 survivors (5120K)
 Metaspace       used 91262K, committed 92352K, reserved 557056K
  class space    used 12487K, committed 12992K, reserved 425984K
}
Event: 256.902 GC heap before
{Heap before GC invocations=90 (full 0):
 garbage-first heap   total 230400K, used 174197K [0x0000000080000000, 0x0000000100000000)
  region size 1024K, 52 young (53248K), 5 survivors (5120K)
 Metaspace       used 94525K, committed 95552K, reserved 557056K
  class space    used 12952K, committed 13440K, reserved 425984K
}
Event: 256.965 GC heap after
{Heap after GC invocations=91 (full 0):
 garbage-first heap   total 276480K, used 128419K [0x0000000080000000, 0x0000000100000000)
  region size 1024K, 4 young (4096K), 4 survivors (4096K)
 Metaspace       used 94525K, committed 95552K, reserved 557056K
  class space    used 12952K, committed 13440K, reserved 425984K
}
Event: 257.705 GC heap before
{Heap before GC invocations=91 (full 0):
 garbage-first heap   total 276480K, used 137635K [0x0000000080000000, 0x0000000100000000)
  region size 1024K, 13 young (13312K), 4 survivors (4096K)
 Metaspace       used 95048K, committed 96128K, reserved 557056K
  class space    used 13035K, committed 13568K, reserved 425984K
}
Event: 257.731 GC heap after
{Heap after GC invocations=92 (full 0):
 garbage-first heap   total 276480K, used 128622K [0x0000000080000000, 0x0000000100000000)
  region size 1024K, 1 young (1024K), 1 survivors (1024K)
 Metaspace       used 95048K, committed 96128K, reserved 557056K
  class space    used 13035K, committed 13568K, reserved 425984K
}

