# JRE version: OpenJDK Runtime Environment Temurin-17.0.19+10 (17.0.19+10) (build 17.0.19+10)
# Java VM: OpenJDK 64-Bit Server VM Temurin-17.0.19+10 (17.0.19+10, mixed mode, sharing, tiered, compressed oops, compressed class ptrs, g1 gc, windows-amd64)
GC Precious Log:
 CPUs: 4 total, 4 available
 Memory: 3499M
 Large Page Support: Disabled
 NUMA Support: Disabled
 Compressed Oops: Enabled (32-bit)
 Heap Region Size: 1M
 Heap Min Capacity: 8M
 Heap Initial Capacity: 56M
 Heap Max Capacity: 2G
 Pre-touch: Disabled
 Parallel Workers: 4
 Concurrent Workers: 1
 Concurrent Refinement Workers: 4
 Periodic GC: Disabled
Heap:
 garbage-first heap   total 57344K, used 38562K [0x0000000080000000, 0x0000000100000000)
  region size 1024K, 15 young (15360K), 1 survivors (1024K)
 Metaspace       used 25697K, committed 26112K, reserved 491520K
  class space    used 3794K, committed 4032K, reserved 425984K
GC Heap History (20 events):
Event: 1.646 GC heap before
{Heap before GC invocations=1 (full 0):
 garbage-first heap   total 57344K, used 22784K [0x0000000080000000, 0x0000000100000000)
  region size 1024K, 21 young (21504K), 2 survivors (2048K)
 Metaspace       used 1913K, committed 2112K, reserved 491520K
  class space    used 183K, committed 320K, reserved 425984K
}
Event: 1.654 GC heap after
{Heap after GC invocations=2 (full 0):
 garbage-first heap   total 57344K, used 9738K [0x0000000080000000, 0x0000000100000000)
  region size 1024K, 3 young (3072K), 3 survivors (3072K)
 Metaspace       used 1913K, committed 2112K, reserved 491520K
  class space    used 183K, committed 320K, reserved 425984K
}
Event: 2.881 GC heap before
{Heap before GC invocations=2 (full 0):
 garbage-first heap   total 57344K, used 40458K [0x0000000080000000, 0x0000000100000000)
  region size 1024K, 33 young (33792K), 3 survivors (3072K)
 Metaspace       used 4403K, committed 4608K, reserved 491520K
  class space    used 547K, committed 640K, reserved 425984K
}
Event: 2.889 GC heap after
{Heap after GC invocations=3 (full 0):
 garbage-first heap   total 57344K, used 11590K [0x0000000080000000, 0x0000000100000000)
  region size 1024K, 5 young (5120K), 5 survivors (5120K)
 Metaspace       used 4403K, committed 4608K, reserved 491520K
  class space    used 547K, committed 640K, reserved 425984K
}
Event: 3.568 GC heap before
{Heap before GC invocations=3 (full 0):
 garbage-first heap   total 57344K, used 39238K [0x0000000080000000, 0x0000000100000000)
  region size 1024K, 32 young (32768K), 5 survivors (5120K)
 Metaspace       used 4423K, committed 4608K, reserved 491520K
  class space    used 547K, committed 640K, reserved 425984K
}
Event: 3.575 GC heap after
{Heap after GC invocations=4 (full 0):
 garbage-first heap   total 57344K, used 11787K [0x0000000080000000, 0x0000000100000000)
  region size 1024K, 2 young (2048K), 2 survivors (2048K)
 Metaspace       used 4423K, committed 4608K, reserved 491520K
  class space    used 547K, committed 640K, reserved 425984K
}
Event: 5.334 GC heap before
{Heap before GC invocations=4 (full 0):
 garbage-first heap   total 57344K, used 43531K [0x0000000080000000, 0x0000000100000000)
  region size 1024K, 31 young (31744K), 2 survivors (2048K)
 Metaspace       used 7564K, committed 7744K, reserved 491520K
  class space    used 1018K, committed 1088K, reserved 425984K
}
Event: 5.345 GC heap after
{Heap after GC invocations=5 (full 0):
 garbage-first heap   total 57344K, used 17820K [0x0000000080000000, 0x0000000100000000)
  region size 1024K, 4 young (4096K), 4 survivors (4096K)
 Metaspace       used 7564K, committed 7744K, reserved 491520K
  class space    used 1018K, committed 1088K, reserved 425984K
}
Event: 6.520 GC heap before
{Heap before GC invocations=5 (full 0):
 garbage-first heap   total 57344K, used 41372K [0x0000000080000000, 0x0000000100000000)
  region size 1024K, 27 young (27648K), 4 survivors (4096K)
 Metaspace       used 12457K, committed 12672K, reserved 491520K
  class space    used 1665K, committed 1728K, reserved 425984K
}
Event: 6.531 GC heap after
{Heap after GC invocations=6 (full 0):
 garbage-first heap   total 57344K, used 20674K [0x0000000080000000, 0x0000000100000000)
  region size 1024K, 3 young (3072K), 3 survivors (3072K)
 Metaspace       used 12457K, committed 12672K, reserved 491520K
  class space    used 1665K, committed 1728K, reserved 425984K
}
Event: 8.043 GC heap before
{Heap before GC invocations=6 (full 0):
 garbage-first heap   total 57344K, used 43202K [0x0000000080000000, 0x0000000100000000)
  region size 1024K, 25 young (25600K), 3 survivors (3072K)
 Metaspace       used 15775K, committed 16128K, reserved 491520K
  class space    used 2199K, committed 2368K, reserved 425984K
}
Event: 8.049 GC heap after
{Heap after GC invocations=7 (full 0):
 garbage-first heap   total 57344K, used 21843K [0x0000000080000000, 0x0000000100000000)
  region size 1024K, 2 young (2048K), 2 survivors (2048K)
 Metaspace       used 15775K, committed 16128K, reserved 491520K
  class space    used 2199K, committed 2368K, reserved 425984K
}
Event: 9.105 GC heap before
{Heap before GC invocations=7 (full 0):
 garbage-first heap   total 57344K, used 43347K [0x0000000080000000, 0x0000000100000000)
  region size 1024K, 23 young (23552K), 2 survivors (2048K)
 Metaspace       used 18530K, committed 18816K, reserved 491520K
  class space    used 2674K, committed 2816K, reserved 425984K
}
Event: 9.110 GC heap after
{Heap after GC invocations=8 (full 0):
 garbage-first heap   total 57344K, used 22852K [0x0000000080000000, 0x0000000100000000)
  region size 1024K, 3 young (3072K), 3 survivors (3072K)
 Metaspace       used 18530K, committed 18816K, reserved 491520K
  class space    used 2674K, committed 2816K, reserved 425984K
}
Event: 10.461 GC heap before
{Heap before GC invocations=8 (full 0):
 garbage-first heap   total 57344K, used 43332K [0x0000000080000000, 0x0000000100000000)
  region size 1024K, 24 young (24576K), 3 survivors (3072K)
 Metaspace       used 20918K, committed 21248K, reserved 491520K
  class space    used 3045K, committed 3200K, reserved 425984K
}
Event: 10.469 GC heap after
{Heap after GC invocations=9 (full 0):
 garbage-first heap   total 57344K, used 24594K [0x0000000080000000, 0x0000000100000000)
  region size 1024K, 3 young (3072K), 3 survivors (3072K)
 Metaspace       used 20918K, committed 21248K, reserved 491520K
  class space    used 3045K, committed 3200K, reserved 425984K
}
Event: 10.592 GC heap before
{Heap before GC invocations=9 (full 0):
 garbage-first heap   total 57344K, used 27666K [0x0000000080000000, 0x0000000100000000)
  region size 1024K, 7 young (7168K), 3 survivors (3072K)
 Metaspace       used 21209K, committed 21504K, reserved 491520K
  class space    used 3087K, committed 3200K, reserved 425984K
}
Event: 10.598 GC heap after
{Heap after GC invocations=10 (full 0):
 garbage-first heap   total 57344K, used 24940K [0x0000000080000000, 0x0000000100000000)
  region size 1024K, 1 young (1024K), 1 survivors (1024K)
 Metaspace       used 21209K, committed 21504K, reserved 491520K
  class space    used 3087K, committed 3200K, reserved 425984K
}
Event: 11.460 GC heap before
{Heap before GC invocations=11 (full 0):
 garbage-first heap   total 57344K, used 44396K [0x0000000080000000, 0x0000000100000000)
  region size 1024K, 21 young (21504K), 1 survivors (1024K)
 Metaspace       used 23906K, committed 24256K, reserved 491520K
  class space    used 3504K, committed 3648K, reserved 425984K
}
Event: 11.463 GC heap after
{Heap after GC invocations=12 (full 0):
 garbage-first heap   total 57344K, used 25250K [0x0000000080000000, 0x0000000100000000)
  region size 1024K, 1 young (1024K), 1 survivors (1024K)
 Metaspace       used 23906K, committed 24256K, reserved 491520K
  class space    used 3504K, committed 3648K, reserved 425984K
}

