# JRE version: OpenJDK Runtime Environment Temurin-17.0.19+10 (17.0.19+10) (build 17.0.19+10)
# Java VM: OpenJDK 64-Bit Server VM Temurin-17.0.19+10 (17.0.19+10, mixed mode, sharing, tiered, compressed oops, compressed class ptrs, g1 gc, windows-amd64)
GC Precious Log:
 CPUs: 4 total, 4 available
 Memory: 3499M
 Large Page Support: Disabled
 NUMA Support: Disabled
 Compressed Oops: Enabled (32-bit)
 Heap Region Size: 1M
 Heap Min Capacity: 8M
 Heap Initial Capacity: 56M
 Heap Max Capacity: 2G
 Pre-touch: Disabled
 Parallel Workers: 4
 Concurrent Workers: 1
 Concurrent Refinement Workers: 4
 Periodic GC: Disabled
Heap:
 garbage-first heap   total 151552K, used 117292K [0x0000000080000000, 0x0000000100000000)
  region size 1024K, 31 young (31744K), 6 survivors (6144K)
 Metaspace       used 77895K, committed 78720K, reserved 557056K
  class space    used 10631K, committed 11008K, reserved 425984K
GC Heap History (20 events):
Event: 90.963 GC heap before
{Heap before GC invocations=55 (full 0):
 garbage-first heap   total 114688K, used 92126K [0x0000000080000000, 0x0000000100000000)
  region size 1024K, 23 young (23552K), 1 survivors (1024K)
 Metaspace       used 53235K, committed 53824K, reserved 491520K
  class space    used 7266K, committed 7488K, reserved 425984K
}
Event: 90.967 GC heap after
{Heap after GC invocations=56 (full 0):
 garbage-first heap   total 151552K, used 71866K [0x0000000080000000, 0x0000000100000000)
  region size 1024K, 2 young (2048K), 2 survivors (2048K)
 Metaspace       used 53235K, committed 53824K, reserved 491520K
  class space    used 7266K, committed 7488K, reserved 425984K
}
Event: 95.864 GC heap before
{Heap before GC invocations=57 (full 0):
 garbage-first heap   total 151552K, used 117946K [0x0000000080000000, 0x0000000100000000)
  region size 1024K, 47 young (48128K), 2 survivors (2048K)
 Metaspace       used 58265K, committed 59008K, reserved 491520K
  class space    used 7775K, committed 8128K, reserved 425984K
}
Event: 95.878 GC heap after
{Heap after GC invocations=58 (full 0):
 garbage-first heap   total 151552K, used 73542K [0x0000000080000000, 0x0000000100000000)
  region size 1024K, 4 young (4096K), 4 survivors (4096K)
 Metaspace       used 58265K, committed 59008K, reserved 491520K
  class space    used 7775K, committed 8128K, reserved 425984K
}
Event: 96.163 GC heap before
{Heap before GC invocations=58 (full 0):
 garbage-first heap   total 151552K, used 76614K [0x0000000080000000, 0x0000000100000000)
  region size 1024K, 7 young (7168K), 4 survivors (4096K)
 Metaspace       used 58482K, committed 59200K, reserved 491520K
  class space    used 7808K, committed 8128K, reserved 425984K
}
Event: 96.203 GC heap after
{Heap after GC invocations=59 (full 0):
 garbage-first heap   total 151552K, used 73368K [0x0000000080000000, 0x0000000100000000)
  region size 1024K, 1 young (1024K), 1 survivors (1024K)
 Metaspace       used 58482K, committed 59200K, reserved 491520K
  class space    used 7808K, committed 8128K, reserved 425984K
}
Event: 107.330 GC heap before
{Heap before GC invocations=59 (full 0):
 garbage-first heap   total 151552K, used 127640K [0x0000000080000000, 0x0000000100000000)
  region size 1024K, 49 young (50176K), 1 survivors (1024K)
 Metaspace       used 61569K, committed 62272K, reserved 491520K
  class space    used 8298K, committed 8640K, reserved 425984K
}
Event: 107.361 GC heap after
{Heap after GC invocations=60 (full 0):
 garbage-first heap   total 151552K, used 78777K [0x0000000080000000, 0x0000000100000000)
  region size 1024K, 5 young (5120K), 5 survivors (5120K)
 Metaspace       used 61569K, committed 62272K, reserved 491520K
  class space    used 8298K, committed 8640K, reserved 425984K
}
Event: 127.056 GC heap before
{Heap before GC invocations=60 (full 0):
 garbage-first heap   total 151552K, used 122809K [0x0000000080000000, 0x0000000100000000)
  region size 1024K, 48 young (49152K), 5 survivors (5120K)
 Metaspace       used 64800K, committed 65536K, reserved 491520K
  class space    used 8690K, committed 9024K, reserved 425984K
}
Event: 127.305 GC heap after
{Heap after GC invocations=61 (full 0):
 garbage-first heap   total 151552K, used 81251K [0x0000000080000000, 0x0000000100000000)
  region size 1024K, 3 young (3072K), 3 survivors (3072K)
 Metaspace       used 64800K, committed 65536K, reserved 491520K
  class space    used 8690K, committed 9024K, reserved 425984K
}
Event: 141.029 GC heap before
{Heap before GC invocations=61 (full 0):
 garbage-first heap   total 151552K, used 124259K [0x0000000080000000, 0x0000000100000000)
  region size 1024K, 45 young (46080K), 3 survivors (3072K)
 Metaspace       used 65332K, committed 66048K, reserved 491520K
  class space    used 8779K, committed 9088K, reserved 425984K
}
Event: 141.099 GC heap after
{Heap after GC invocations=62 (full 0):
 garbage-first heap   total 151552K, used 84861K [0x0000000080000000, 0x0000000100000000)
  region size 1024K, 6 young (6144K), 6 survivors (6144K)
 Metaspace       used 65332K, committed 66048K, reserved 491520K
  class space    used 8779K, committed 9088K, reserved 425984K
}
Event: 157.210 GC heap before
{Heap before GC invocations=62 (full 0):
 garbage-first heap   total 151552K, used 124797K [0x0000000080000000, 0x0000000100000000)
  region size 1024K, 45 young (46080K), 6 survivors (6144K)
 Metaspace       used 67940K, committed 68672K, reserved 491520K
  class space    used 9113K, committed 9408K, reserved 425984K
}
Event: 157.275 GC heap after
{Heap after GC invocations=63 (full 0):
 garbage-first heap   total 151552K, used 86646K [0x0000000080000000, 0x0000000100000000)
  region size 1024K, 2 young (2048K), 2 survivors (2048K)
 Metaspace       used 67940K, committed 68672K, reserved 491520K
  class space    used 9113K, committed 9408K, reserved 425984K
}
Event: 163.900 GC heap before
{Heap before GC invocations=63 (full 0):
 garbage-first heap   total 151552K, used 127606K [0x0000000080000000, 0x0000000100000000)
  region size 1024K, 41 young (41984K), 2 survivors (2048K)
 Metaspace       used 70958K, committed 71680K, reserved 491520K
  class space    used 9641K, committed 9920K, reserved 425984K
}
Event: 163.917 GC heap after
{Heap after GC invocations=64 (full 0):
 garbage-first heap   total 151552K, used 87517K [0x0000000080000000, 0x0000000100000000)
  region size 1024K, 3 young (3072K), 3 survivors (3072K)
 Metaspace       used 70958K, committed 71680K, reserved 491520K
  class space    used 9641K, committed 9920K, reserved 425984K
}
Event: 168.163 GC heap before
{Heap before GC invocations=64 (full 0):
 garbage-first heap   total 151552K, used 127453K [0x0000000080000000, 0x0000000100000000)
  region size 1024K, 42 young (43008K), 3 survivors (3072K)
 Metaspace       used 74022K, committed 74816K, reserved 491520K
  class space    used 10065K, committed 10368K, reserved 425984K
}
Event: 168.189 GC heap after
{Heap after GC invocations=65 (full 0):
 garbage-first heap   total 151552K, used 89212K [0x0000000080000000, 0x0000000100000000)
  region size 1024K, 5 young (5120K), 5 survivors (5120K)
 Metaspace       used 74022K, committed 74816K, reserved 491520K
  class space    used 10065K, committed 10368K, reserved 425984K
}
Event: 178.572 GC heap before
{Heap before GC invocations=65 (full 0):
 garbage-first heap   total 151552K, used 128124K [0x0000000080000000, 0x0000000100000000)
  region size 1024K, 43 young (44032K), 5 survivors (5120K)
 Metaspace       used 76326K, committed 77120K, reserved 557056K
  class space    used 10352K, committed 10688K, reserved 425984K
}
Event: 178.629 GC heap after
{Heap after GC invocations=66 (full 0):
 garbage-first heap   total 151552K, used 92716K [0x0000000080000000, 0x0000000100000000)
  region size 1024K, 6 young (6144K), 6 survivors (6144K)
 Metaspace       used 76326K, committed 77120K, reserved 557056K
  class space    used 10352K, committed 10688K, reserved 425984K
}

