# JRE version: OpenJDK Runtime Environment Temurin-21.0.11+10 (21.0.11+10) (build 21.0.11+10-LTS)
# Java VM: OpenJDK 64-Bit Server VM Temurin-21.0.11+10 (21.0.11+10-LTS, mixed mode, sharing, tiered, compressed oops, compressed class ptrs, parallel gc, windows-amd64)
GC Precious Log:
 CardTable entry size: 512
 CPUs: 4 total, 4 available
 Memory: 3499M
 Large Page Support: Disabled
 NUMA Support: Disabled
 Compressed Oops: Enabled (32-bit)
 Alignments: Space 512K, Generation 512K, Heap 2M
 Heap Min Capacity: 100M
 Heap Initial Capacity: 100M
 Heap Max Capacity: 2G
 Pre-touch: Disabled
 Parallel Workers: 4
Heap:
 PSYoungGen      total 16384K, used 5153K [0x00000000d5580000, 0x00000000d6f80000, 0x0000000100000000)
  eden space 15872K, 29% used [0x00000000d5580000,0x00000000d5a086a0,0x00000000d6500000)
  from space 512K, 100% used [0x00000000d6900000,0x00000000d6980000,0x00000000d6980000)
  to   space 4096K, 0% used [0x00000000d6500000,0x00000000d6500000,0x00000000d6900000)
 ParOldGen       total 68608K, used 49192K [0x0000000080000000, 0x0000000084300000, 0x00000000d5580000)
  object space 68608K, 71% used [0x0000000080000000,0x000000008300a260,0x0000000084300000)
 Metaspace       used 67818K, committed 69440K, reserved 1114112K
  class space    used 8544K, committed 9280K, reserved 1048576K
GC Heap History (20 events):
Event: 429.802 GC heap before
{Heap before GC invocations=118 (full 3):
 PSYoungGen      total 18944K, used 18560K [0x00000000d5580000, 0x00000000d6980000, 0x0000000100000000)
  eden space 18432K, 100% used [0x00000000d5580000,0x00000000d6780000,0x00000000d6780000)
  from space 512K, 25% used [0x00000000d6900000,0x00000000d6920000,0x00000000d6980000)
  to   space 512K, 0% used [0x00000000d6880000,0x00000000d6880000,0x00000000d6900000)
 ParOldGen       total 68608K, used 46364K [0x0000000080000000, 0x0000000084300000, 0x00000000d5580000)
  object space 68608K, 67% used [0x0000000080000000,0x0000000082d47180,0x0000000084300000)
 Metaspace       used 66720K, committed 68352K, reserved 1114112K
  class space    used 8413K, committed 9152K, reserved 1048576K
}
Event: 429.803 GC heap after
{Heap after GC invocations=118 (full 3):
 PSYoungGen      total 18944K, used 64K [0x00000000d5580000, 0x00000000d6980000, 0x0000000100000000)
  eden space 18432K, 0% used [0x00000000d5580000,0x00000000d5580000,0x00000000d6780000)
  from space 512K, 12% used [0x00000000d6880000,0x00000000d6890000,0x00000000d6900000)
  to   space 512K, 0% used [0x00000000d6900000,0x00000000d6900000,0x00000000d6980000)
 ParOldGen       total 68608K, used 46412K [0x0000000080000000, 0x0000000084300000, 0x00000000d5580000)
  object space 68608K, 67% used [0x0000000080000000,0x0000000082d531a0,0x0000000084300000)
 Metaspace       used 66720K, committed 68352K, reserved 1114112K
  class space    used 8413K, committed 9152K, reserved 1048576K
}
Event: 430.071 GC heap before
{Heap before GC invocations=119 (full 3):
 PSYoungGen      total 18944K, used 18496K [0x00000000d5580000, 0x00000000d6980000, 0x0000000100000000)
  eden space 18432K, 100% used [0x00000000d5580000,0x00000000d6780000,0x00000000d6780000)
  from space 512K, 12% used [0x00000000d6880000,0x00000000d6890000,0x00000000d6900000)
  to   space 512K, 0% used [0x00000000d6900000,0x00000000d6900000,0x00000000d6980000)
 ParOldGen       total 68608K, used 46412K [0x0000000080000000, 0x0000000084300000, 0x00000000d5580000)
  object space 68608K, 67% used [0x0000000080000000,0x0000000082d531a0,0x0000000084300000)
 Metaspace       used 66720K, committed 68352K, reserved 1114112K
  class space    used 8413K, committed 9152K, reserved 1048576K
}
Event: 430.072 GC heap after
{Heap after GC invocations=119 (full 3):
 PSYoungGen      total 18944K, used 128K [0x00000000d5580000, 0x00000000d6980000, 0x0000000100000000)
  eden space 18432K, 0% used [0x00000000d5580000,0x00000000d5580000,0x00000000d6780000)
  from space 512K, 25% used [0x00000000d6900000,0x00000000d6920000,0x00000000d6980000)
  to   space 512K, 0% used [0x00000000d6880000,0x00000000d6880000,0x00000000d6900000)
 ParOldGen       total 68608K, used 46428K [0x0000000080000000, 0x0000000084300000, 0x00000000d5580000)
  object space 68608K, 67% used [0x0000000080000000,0x0000000082d571a0,0x0000000084300000)
 Metaspace       used 66720K, committed 68352K, reserved 1114112K
  class space    used 8413K, committed 9152K, reserved 1048576K
}
Event: 430.609 GC heap before
{Heap before GC invocations=120 (full 3):
 PSYoungGen      total 18944K, used 18560K [0x00000000d5580000, 0x00000000d6980000, 0x0000000100000000)
  eden space 18432K, 100% used [0x00000000d5580000,0x00000000d6780000,0x00000000d6780000)
  from space 512K, 25% used [0x00000000d6900000,0x00000000d6920000,0x00000000d6980000)
  to   space 512K, 0% used [0x00000000d6880000,0x00000000d6880000,0x00000000d6900000)
 ParOldGen       total 68608K, used 46428K [0x0000000080000000, 0x0000000084300000, 0x00000000d5580000)
  object space 68608K, 67% used [0x0000000080000000,0x0000000082d571a0,0x0000000084300000)
 Metaspace       used 66720K, committed 68352K, reserved 1114112K
  class space    used 8413K, committed 9152K, reserved 1048576K
}
Event: 430.610 GC heap after
{Heap after GC invocations=120 (full 3):
 PSYoungGen      total 18944K, used 96K [0x00000000d5580000, 0x00000000d6980000, 0x0000000100000000)
  eden space 18432K, 0% used [0x00000000d5580000,0x00000000d5580000,0x00000000d6780000)
  from space 512K, 18% used [0x00000000d6880000,0x00000000d6898000,0x00000000d6900000)
  to   space 512K, 0% used [0x00000000d6900000,0x00000000d6900000,0x00000000d6980000)
 ParOldGen       total 68608K, used 46436K [0x0000000080000000, 0x0000000084300000, 0x00000000d5580000)
  object space 68608K, 67% used [0x0000000080000000,0x0000000082d591a0,0x0000000084300000)
 Metaspace       used 66720K, committed 68352K, reserved 1114112K
  class space    used 8413K, committed 9152K, reserved 1048576K
}
Event: 431.111 GC heap before
{Heap before GC invocations=121 (full 3):
 PSYoungGen      total 18944K, used 18528K [0x00000000d5580000, 0x00000000d6980000, 0x0000000100000000)
  eden space 18432K, 100% used [0x00000000d5580000,0x00000000d6780000,0x00000000d6780000)
  from space 512K, 18% used [0x00000000d6880000,0x00000000d6898000,0x00000000d6900000)
  to   space 512K, 0% used [0x00000000d6900000,0x00000000d6900000,0x00000000d6980000)
 ParOldGen       total 68608K, used 46436K [0x0000000080000000, 0x0000000084300000, 0x00000000d5580000)
  object space 68608K, 67% used [0x0000000080000000,0x0000000082d591a0,0x0000000084300000)
 Metaspace       used 66720K, committed 68352K, reserved 1114112K
  class space    used 8413K, committed 9152K, reserved 1048576K
}
Event: 431.113 GC heap after
{Heap after GC invocations=121 (full 3):
 PSYoungGen      total 18944K, used 64K [0x00000000d5580000, 0x00000000d6980000, 0x0000000100000000)
  eden space 18432K, 0% used [0x00000000d5580000,0x00000000d5580000,0x00000000d6780000)
  from space 512K, 12% used [0x00000000d6900000,0x00000000d6910000,0x00000000d6980000)
  to   space 512K, 0% used [0x00000000d6880000,0x00000000d6880000,0x00000000d6900000)
 ParOldGen       total 68608K, used 46444K [0x0000000080000000, 0x0000000084300000, 0x00000000d5580000)
  object space 68608K, 67% used [0x0000000080000000,0x0000000082d5b1a0,0x0000000084300000)
 Metaspace       used 66720K, committed 68352K, reserved 1114112K
  class space    used 8413K, committed 9152K, reserved 1048576K
}
Event: 432.422 GC heap before
{Heap before GC invocations=122 (full 3):
 PSYoungGen      total 18944K, used 18496K [0x00000000d5580000, 0x00000000d6980000, 0x0000000100000000)
  eden space 18432K, 100% used [0x00000000d5580000,0x00000000d6780000,0x00000000d6780000)
  from space 512K, 12% used [0x00000000d6900000,0x00000000d6910000,0x00000000d6980000)
  to   space 512K, 0% used [0x00000000d6880000,0x00000000d6880000,0x00000000d6900000)
 ParOldGen       total 68608K, used 46444K [0x0000000080000000, 0x0000000084300000, 0x00000000d5580000)
  object space 68608K, 67% used [0x0000000080000000,0x0000000082d5b1a0,0x0000000084300000)
 Metaspace       used 66720K, committed 68352K, reserved 1114112K
  class space    used 8413K, committed 9152K, reserved 1048576K
}
Event: 432.426 GC heap after
{Heap after GC invocations=122 (full 3):
 PSYoungGen      total 18944K, used 96K [0x00000000d5580000, 0x00000000d6980000, 0x0000000100000000)
  eden space 18432K, 0% used [0x00000000d5580000,0x00000000d5580000,0x00000000d6780000)
  from space 512K, 18% used [0x00000000d6880000,0x00000000d6898000,0x00000000d6900000)
  to   space 512K, 0% used [0x00000000d6900000,0x00000000d6900000,0x00000000d6980000)
 ParOldGen       total 68608K, used 46444K [0x0000000080000000, 0x0000000084300000, 0x00000000d5580000)
  object space 68608K, 67% used [0x0000000080000000,0x0000000082d5b1a0,0x0000000084300000)
 Metaspace       used 66720K, committed 68352K, reserved 1114112K
  class space    used 8413K, committed 9152K, reserved 1048576K
}
Event: 436.140 GC heap before
{Heap before GC invocations=123 (full 3):
 PSYoungGen      total 18944K, used 18528K [0x00000000d5580000, 0x00000000d6980000, 0x0000000100000000)
  eden space 18432K, 100% used [0x00000000d5580000,0x00000000d6780000,0x00000000d6780000)
  from space 512K, 18% used [0x00000000d6880000,0x00000000d6898000,0x00000000d6900000)
  to   space 512K, 0% used [0x00000000d6900000,0x00000000d6900000,0x00000000d6980000)
 ParOldGen       total 68608K, used 46444K [0x0000000080000000, 0x0000000084300000, 0x00000000d5580000)
  object space 68608K, 67% used [0x0000000080000000,0x0000000082d5b1a0,0x0000000084300000)
 Metaspace       used 66722K, committed 68352K, reserved 1114112K
  class space    used 8413K, committed 9152K, reserved 1048576K
}
Event: 436.143 GC heap after
{Heap after GC invocations=123 (full 3):
 PSYoungGen      total 18944K, used 128K [0x00000000d5580000, 0x00000000d6980000, 0x0000000100000000)
  eden space 18432K, 0% used [0x00000000d5580000,0x00000000d5580000,0x00000000d6780000)
  from space 512K, 25% used [0x00000000d6900000,0x00000000d6920000,0x00000000d6980000)
  to   space 512K, 0% used [0x00000000d6880000,0x00000000d6880000,0x00000000d6900000)
 ParOldGen       total 68608K, used 46444K [0x0000000080000000, 0x0000000084300000, 0x00000000d5580000)
  object space 68608K, 67% used [0x0000000080000000,0x0000000082d5b1a0,0x0000000084300000)
 Metaspace       used 66722K, committed 68352K, reserved 1114112K
  class space    used 8413K, committed 9152K, reserved 1048576K
}
Event: 440.378 GC heap before
{Heap before GC invocations=124 (full 3):
 PSYoungGen      total 18944K, used 18560K [0x00000000d5580000, 0x00000000d6980000, 0x0000000100000000)
  eden space 18432K, 100% used [0x00000000d5580000,0x00000000d6780000,0x00000000d6780000)
  from space 512K, 25% used [0x00000000d6900000,0x00000000d6920000,0x00000000d6980000)
  to   space 512K, 0% used [0x00000000d6880000,0x00000000d6880000,0x00000000d6900000)
 ParOldGen       total 68608K, used 46444K [0x0000000080000000, 0x0000000084300000, 0x00000000d5580000)
  object space 68608K, 67% used [0x0000000080000000,0x0000000082d5b1a0,0x0000000084300000)
 Metaspace       used 66722K, committed 68352K, reserved 1114112K
  class space    used 8413K, committed 9152K, reserved 1048576K
}
Event: 440.396 GC heap after
{Heap after GC invocations=124 (full 3):
 PSYoungGen      total 18944K, used 96K [0x00000000d5580000, 0x00000000d6980000, 0x0000000100000000)
  eden space 18432K, 0% used [0x00000000d5580000,0x00000000d5580000,0x00000000d6780000)
  from space 512K, 18% used [0x00000000d6880000,0x00000000d6898000,0x00000000d6900000)
  to   space 512K, 0% used [0x00000000d6900000,0x00000000d6900000,0x00000000d6980000)
 ParOldGen       total 68608K, used 46468K [0x0000000080000000, 0x0000000084300000, 0x00000000d5580000)
  object space 68608K, 67% used [0x0000000080000000,0x0000000082d611a0,0x0000000084300000)
 Metaspace       used 66722K, committed 68352K, reserved 1114112K
  class space    used 8413K, committed 9152K, reserved 1048576K
}
Event: 441.909 GC heap before
{Heap before GC invocations=125 (full 3):
 PSYoungGen      total 18944K, used 18528K [0x00000000d5580000, 0x00000000d6980000, 0x0000000100000000)
  eden space 18432K, 100% used [0x00000000d5580000,0x00000000d6780000,0x00000000d6780000)
  from space 512K, 18% used [0x00000000d6880000,0x00000000d6898000,0x00000000d6900000)
  to   space 512K, 0% used [0x00000000d6900000,0x00000000d6900000,0x00000000d6980000)
 ParOldGen       total 68608K, used 46468K [0x0000000080000000, 0x0000000084300000, 0x00000000d5580000)
  object space 68608K, 67% used [0x0000000080000000,0x0000000082d611a0,0x0000000084300000)
 Metaspace       used 66722K, committed 68352K, reserved 1114112K
  class space    used 8413K, committed 9152K, reserved 1048576K
}
Event: 441.911 GC heap after
{Heap after GC invocations=125 (full 3):
 PSYoungGen      total 18944K, used 96K [0x00000000d5580000, 0x00000000d6980000, 0x0000000100000000)
  eden space 18432K, 0% used [0x00000000d5580000,0x00000000d5580000,0x00000000d6780000)
  from space 512K, 18% used [0x00000000d6900000,0x00000000d6918000,0x00000000d6980000)
  to   space 512K, 0% used [0x00000000d6880000,0x00000000d6880000,0x00000000d6900000)
 ParOldGen       total 68608K, used 46484K [0x0000000080000000, 0x0000000084300000, 0x00000000d5580000)
  object space 68608K, 67% used [0x0000000080000000,0x0000000082d651a0,0x0000000084300000)
 Metaspace       used 66722K, committed 68352K, reserved 1114112K
  class space    used 8413K, committed 9152K, reserved 1048576K
}
Event: 696.316 GC heap before
{Heap before GC invocations=126 (full 3):
 PSYoungGen      total 18944K, used 18523K [0x00000000d5580000, 0x00000000d6980000, 0x0000000100000000)
  eden space 18432K, 99% used [0x00000000d5580000,0x00000000d677ecc8,0x00000000d6780000)
  from space 512K, 18% used [0x00000000d6900000,0x00000000d6918000,0x00000000d6980000)
  to   space 512K, 0% used [0x00000000d6880000,0x00000000d6880000,0x00000000d6900000)
 ParOldGen       total 68608K, used 46484K [0x0000000080000000, 0x0000000084300000, 0x00000000d5580000)
  object space 68608K, 67% used [0x0000000080000000,0x0000000082d651a0,0x0000000084300000)
 Metaspace       used 66847K, committed 68416K, reserved 1114112K
  class space    used 8424K, committed 9152K, reserved 1048576K
}
Event: 696.433 GC heap after
{Heap after GC invocations=126 (full 3):
 PSYoungGen      total 18944K, used 252K [0x00000000d5580000, 0x00000000d6980000, 0x0000000100000000)
  eden space 18432K, 0% used [0x00000000d5580000,0x00000000d5580000,0x00000000d6780000)
  from space 512K, 49% used [0x00000000d6880000,0x00000000d68bf320,0x00000000d6900000)
  to   space 512K, 0% used [0x00000000d6900000,0x00000000d6900000,0x00000000d6980000)
 ParOldGen       total 68608K, used 46492K [0x0000000080000000, 0x0000000084300000, 0x00000000d5580000)
  object space 68608K, 67% used [0x0000000080000000,0x0000000082d671a0,0x0000000084300000)
 Metaspace       used 66847K, committed 68416K, reserved 1114112K
  class space    used 8424K, committed 9152K, reserved 1048576K
}
Event: 788.614 GC heap before
{Heap before GC invocations=127 (full 3):
 PSYoungGen      total 18944K, used 18684K [0x00000000d5580000, 0x00000000d6980000, 0x0000000100000000)
  eden space 18432K, 100% used [0x00000000d5580000,0x00000000d6780000,0x00000000d6780000)
  from space 512K, 49% used [0x00000000d6880000,0x00000000d68bf320,0x00000000d6900000)
  to   space 512K, 0% used [0x00000000d6900000,0x00000000d6900000,0x00000000d6980000)
 ParOldGen       total 68608K, used 46492K [0x0000000080000000, 0x0000000084300000, 0x00000000d5580000)
  object space 68608K, 67% used [0x0000000080000000,0x0000000082d671a0,0x0000000084300000)
 Metaspace       used 67246K, committed 68864K, reserved 1114112K
  class space    used 8470K, committed 9216K, reserved 1048576K
}
Event: 788.686 GC heap after
{Heap after GC invocations=127 (full 3):
 PSYoungGen      total 16384K, used 512K [0x00000000d5580000, 0x00000000d6f80000, 0x0000000100000000)
  eden space 15872K, 0% used [0x00000000d5580000,0x00000000d5580000,0x00000000d6500000)
  from space 512K, 100% used [0x00000000d6900000,0x00000000d6980000,0x00000000d6980000)
  to   space 4096K, 0% used [0x00000000d6500000,0x00000000d6500000,0x00000000d6900000)
 ParOldGen       total 68608K, used 49192K [0x0000000080000000, 0x0000000084300000, 0x00000000d5580000)
  object space 68608K, 71% used [0x0000000080000000,0x000000008300a260,0x0000000084300000)
 Metaspace       used 67246K, committed 68864K, reserved 1114112K
  class space    used 8470K, committed 9216K, reserved 1048576K
}

