# JRE version: OpenJDK Runtime Environment Temurin-17.0.19+10 (17.0.19+10) (build 17.0.19+10)
# Java VM: OpenJDK 64-Bit Server VM Temurin-17.0.19+10 (17.0.19+10, mixed mode, sharing, tiered, compressed oops, compressed class ptrs, g1 gc, windows-amd64)
GC Precious Log:
 CPUs: 4 total, 4 available
 Memory: 3499M
 Large Page Support: Disabled
 NUMA Support: Disabled
 Compressed Oops: Enabled (32-bit)
 Heap Region Size: 1M
 Heap Min Capacity: 8M
 Heap Initial Capacity: 56M
 Heap Max Capacity: 2G
 Pre-touch: Disabled
 Parallel Workers: 4
 Concurrent Workers: 1
 Concurrent Refinement Workers: 4
 Periodic GC: Disabled
Heap:
 garbage-first heap   total 171008K, used 122461K [0x0000000080000000, 0x0000000100000000)
  region size 1024K, 11 young (11264K), 4 survivors (4096K)
 Metaspace       used 88346K, committed 89280K, reserved 557056K
  class space    used 12080K, committed 12480K, reserved 425984K
GC Heap History (20 events):
Event: 91.895 GC heap before
{Heap before GC invocations=81 (full 0):
 garbage-first heap   total 142336K, used 120345K [0x0000000080000000, 0x0000000100000000)
  region size 1024K, 25 young (25600K), 3 survivors (3072K)
 Metaspace       used 77995K, committed 78784K, reserved 557056K
  class space    used 10651K, committed 11008K, reserved 425984K
}
Event: 91.908 GC heap after
{Heap after GC invocations=82 (full 0):
 garbage-first heap   total 142336K, used 99254K [0x0000000080000000, 0x0000000100000000)
  region size 1024K, 2 young (2048K), 2 survivors (2048K)
 Metaspace       used 77995K, committed 78784K, reserved 557056K
  class space    used 10651K, committed 11008K, reserved 425984K
}
Event: 92.757 GC heap before
{Heap before GC invocations=82 (full 0):
 garbage-first heap   total 142336K, used 120758K [0x0000000080000000, 0x0000000100000000)
  region size 1024K, 24 young (24576K), 2 survivors (2048K)
 Metaspace       used 78033K, committed 78848K, reserved 557056K
  class space    used 10654K, committed 11008K, reserved 425984K
}
Event: 92.766 GC heap after
{Heap after GC invocations=83 (full 0):
 garbage-first heap   total 142336K, used 100054K [0x0000000080000000, 0x0000000100000000)
  region size 1024K, 2 young (2048K), 2 survivors (2048K)
 Metaspace       used 78033K, committed 78848K, reserved 557056K
  class space    used 10654K, committed 11008K, reserved 425984K
}
Event: 94.649 GC heap before
{Heap before GC invocations=83 (full 0):
 garbage-first heap   total 142336K, used 123606K [0x0000000080000000, 0x0000000100000000)
  region size 1024K, 24 young (24576K), 2 survivors (2048K)
 Metaspace       used 78326K, committed 79232K, reserved 557056K
  class space    used 10703K, committed 11136K, reserved 425984K
}
Event: 94.662 GC heap after
{Heap after GC invocations=84 (full 0):
 garbage-first heap   total 142336K, used 103036K [0x0000000080000000, 0x0000000100000000)
  region size 1024K, 3 young (3072K), 3 survivors (3072K)
 Metaspace       used 78326K, committed 79232K, reserved 557056K
  class space    used 10703K, committed 11136K, reserved 425984K
}
Event: 95.649 GC heap before
{Heap before GC invocations=84 (full 0):
 garbage-first heap   total 142336K, used 122492K [0x0000000080000000, 0x0000000100000000)
  region size 1024K, 22 young (22528K), 3 survivors (3072K)
 Metaspace       used 78514K, committed 79360K, reserved 557056K
  class space    used 10721K, committed 11136K, reserved 425984K
}
Event: 95.664 GC heap after
{Heap after GC invocations=85 (full 0):
 garbage-first heap   total 142336K, used 105026K [0x0000000080000000, 0x0000000100000000)
  region size 1024K, 2 young (2048K), 2 survivors (2048K)
 Metaspace       used 78514K, committed 79360K, reserved 557056K
  class space    used 10721K, committed 11136K, reserved 425984K
}
Event: 96.006 GC heap before
{Heap before GC invocations=85 (full 0):
 garbage-first heap   total 142336K, used 121410K [0x0000000080000000, 0x0000000100000000)
  region size 1024K, 19 young (19456K), 2 survivors (2048K)
 Metaspace       used 78514K, committed 79360K, reserved 557056K
  class space    used 10721K, committed 11136K, reserved 425984K
}
Event: 96.012 GC heap after
{Heap after GC invocations=86 (full 0):
 garbage-first heap   total 171008K, used 105344K [0x0000000080000000, 0x0000000100000000)
  region size 1024K, 3 young (3072K), 3 survivors (3072K)
 Metaspace       used 78514K, committed 79360K, reserved 557056K
  class space    used 10721K, committed 11136K, reserved 425984K
}
Event: 96.977 GC heap before
{Heap before GC invocations=86 (full 0):
 garbage-first heap   total 171008K, used 142208K [0x0000000080000000, 0x0000000100000000)
  region size 1024K, 40 young (40960K), 3 survivors (3072K)
 Metaspace       used 78514K, committed 79360K, reserved 557056K
  class space    used 10721K, committed 11136K, reserved 425984K
}
Event: 96.984 GC heap after
{Heap after GC invocations=87 (full 0):
 garbage-first heap   total 171008K, used 106216K [0x0000000080000000, 0x0000000100000000)
  region size 1024K, 3 young (3072K), 3 survivors (3072K)
 Metaspace       used 78514K, committed 79360K, reserved 557056K
  class space    used 10721K, committed 11136K, reserved 425984K
}
Event: 98.853 GC heap before
{Heap before GC invocations=87 (full 0):
 garbage-first heap   total 171008K, used 150248K [0x0000000080000000, 0x0000000100000000)
  region size 1024K, 41 young (41984K), 3 survivors (3072K)
 Metaspace       used 81160K, committed 82112K, reserved 557056K
  class space    used 11086K, committed 11520K, reserved 425984K
}
Event: 98.867 GC heap after
{Heap after GC invocations=88 (full 0):
 garbage-first heap   total 171008K, used 112814K [0x0000000080000000, 0x0000000100000000)
  region size 1024K, 6 young (6144K), 6 survivors (6144K)
 Metaspace       used 81160K, committed 82112K, reserved 557056K
  class space    used 11086K, committed 11520K, reserved 425984K
}
Event: 100.717 GC heap before
{Heap before GC invocations=88 (full 0):
 garbage-first heap   total 171008K, used 145582K [0x0000000080000000, 0x0000000100000000)
  region size 1024K, 38 young (38912K), 6 survivors (6144K)
 Metaspace       used 84514K, committed 85376K, reserved 557056K
  class space    used 11523K, committed 11904K, reserved 425984K
}
Event: 100.744 GC heap after
{Heap after GC invocations=89 (full 0):
 garbage-first heap   total 171008K, used 114003K [0x0000000080000000, 0x0000000100000000)
  region size 1024K, 4 young (4096K), 4 survivors (4096K)
 Metaspace       used 84514K, committed 85376K, reserved 557056K
  class space    used 11523K, committed 11904K, reserved 425984K
}
Event: 101.954 GC heap before
{Heap before GC invocations=89 (full 0):
 garbage-first heap   total 171008K, used 145747K [0x0000000080000000, 0x0000000100000000)
  region size 1024K, 36 young (36864K), 4 survivors (4096K)
 Metaspace       used 86529K, committed 87360K, reserved 557056K
  class space    used 11798K, committed 12160K, reserved 425984K
}
Event: 101.967 GC heap after
{Heap after GC invocations=90 (full 0):
 garbage-first heap   total 171008K, used 114790K [0x0000000080000000, 0x0000000100000000)
  region size 1024K, 3 young (3072K), 3 survivors (3072K)
 Metaspace       used 86529K, committed 87360K, reserved 557056K
  class space    used 11798K, committed 12160K, reserved 425984K
}
Event: 103.179 GC heap before
{Heap before GC invocations=90 (full 0):
 garbage-first heap   total 171008K, used 147558K [0x0000000080000000, 0x0000000100000000)
  region size 1024K, 35 young (35840K), 3 survivors (3072K)
 Metaspace       used 88199K, committed 89088K, reserved 557056K
  class space    used 12055K, committed 12416K, reserved 425984K
}
Event: 103.188 GC heap after
{Heap after GC invocations=91 (full 0):
 garbage-first heap   total 171008K, used 116317K [0x0000000080000000, 0x0000000100000000)
  region size 1024K, 4 young (4096K), 4 survivors (4096K)
 Metaspace       used 88199K, committed 89088K, reserved 557056K
  class space    used 12055K, committed 12416K, reserved 425984K
}

