# JRE version: OpenJDK Runtime Environment Temurin-17.0.19+10 (17.0.19+10) (build 17.0.19+10)
# Java VM: OpenJDK 64-Bit Server VM Temurin-17.0.19+10 (17.0.19+10, mixed mode, sharing, tiered, compressed oops, compressed class ptrs, g1 gc, windows-amd64)
GC Precious Log:
 CPUs: 4 total, 4 available
 Memory: 3499M
 Large Page Support: Disabled
 NUMA Support: Disabled
 Compressed Oops: Enabled (32-bit)
 Heap Region Size: 1M
 Heap Min Capacity: 8M
 Heap Initial Capacity: 56M
 Heap Max Capacity: 2G
 Pre-touch: Disabled
 Parallel Workers: 4
 Concurrent Workers: 1
 Concurrent Refinement Workers: 4
 Periodic GC: Disabled
Heap:
 garbage-first heap   total 455680K, used 248650K [0x0000000080000000, 0x0000000100000000)
  region size 1024K, 9 young (9216K), 3 survivors (3072K)
 Metaspace       used 118997K, committed 120448K, reserved 557056K
  class space    used 15858K, committed 16576K, reserved 425984K
GC Heap History (20 events):
Event: 928.540 GC heap before
{Heap before GC invocations=141 (full 0):
 garbage-first heap   total 324608K, used 275558K [0x0000000080000000, 0x0000000100000000)
  region size 1024K, 73 young (74752K), 2 survivors (2048K)
 Metaspace       used 118040K, committed 119488K, reserved 557056K
  class space    used 15774K, committed 16448K, reserved 425984K
}
Event: 928.808 GC heap after
{Heap after GC invocations=142 (full 0):
 garbage-first heap   total 324608K, used 209671K [0x0000000080000000, 0x0000000100000000)
  region size 1024K, 7 young (7168K), 7 survivors (7168K)
 Metaspace       used 118040K, committed 119488K, reserved 557056K
  class space    used 15774K, committed 16448K, reserved 425984K
}
Event: 930.933 GC heap before
{Heap before GC invocations=142 (full 0):
 garbage-first heap   total 324608K, used 226055K [0x0000000080000000, 0x0000000100000000)
  region size 1024K, 23 young (23552K), 7 survivors (7168K)
 Metaspace       used 118041K, committed 119488K, reserved 557056K
  class space    used 15774K, committed 16448K, reserved 425984K
}
Event: 930.995 GC heap after
{Heap after GC invocations=143 (full 0):
 garbage-first heap   total 324608K, used 211110K [0x0000000080000000, 0x0000000100000000)
  region size 1024K, 2 young (2048K), 2 survivors (2048K)
 Metaspace       used 118041K, committed 119488K, reserved 557056K
  class space    used 15774K, committed 16448K, reserved 425984K
}
Event: 943.346 GC heap before
{Heap before GC invocations=143 (full 0):
 garbage-first heap   total 324608K, used 277670K [0x0000000080000000, 0x0000000100000000)
  region size 1024K, 67 young (68608K), 2 survivors (2048K)
 Metaspace       used 118100K, committed 119488K, reserved 557056K
  class space    used 15776K, committed 16448K, reserved 425984K
}
Event: 943.673 GC heap after
{Heap after GC invocations=144 (full 0):
 garbage-first heap   total 455680K, used 214840K [0x0000000080000000, 0x0000000100000000)
  region size 1024K, 6 young (6144K), 6 survivors (6144K)
 Metaspace       used 118100K, committed 119488K, reserved 557056K
  class space    used 15776K, committed 16448K, reserved 425984K
}
Event: 949.710 GC heap before
{Heap before GC invocations=144 (full 0):
 garbage-first heap   total 455680K, used 231224K [0x0000000080000000, 0x0000000100000000)
  region size 1024K, 22 young (22528K), 6 survivors (6144K)
 Metaspace       used 118136K, committed 119552K, reserved 557056K
  class space    used 15777K, committed 16448K, reserved 425984K
}
Event: 949.839 GC heap after
{Heap after GC invocations=145 (full 0):
 garbage-first heap   total 455680K, used 217015K [0x0000000080000000, 0x0000000100000000)
  region size 1024K, 3 young (3072K), 3 survivors (3072K)
 Metaspace       used 118136K, committed 119552K, reserved 557056K
  class space    used 15777K, committed 16448K, reserved 425984K
}
Event: 956.191 GC heap before
{Heap before GC invocations=145 (full 0):
 garbage-first heap   total 455680K, used 279479K [0x0000000080000000, 0x0000000100000000)
  region size 1024K, 64 young (65536K), 3 survivors (3072K)
 Metaspace       used 118188K, committed 119552K, reserved 557056K
  class space    used 15779K, committed 16448K, reserved 425984K
}
Event: 956.261 GC heap after
{Heap after GC invocations=146 (full 0):
 garbage-first heap   total 455680K, used 220711K [0x0000000080000000, 0x0000000100000000)
  region size 1024K, 6 young (6144K), 6 survivors (6144K)
 Metaspace       used 118188K, committed 119552K, reserved 557056K
  class space    used 15779K, committed 16448K, reserved 425984K
}
Event: 963.610 GC heap before
{Heap before GC invocations=146 (full 0):
 garbage-first heap   total 455680K, used 262695K [0x0000000080000000, 0x0000000100000000)
  region size 1024K, 47 young (48128K), 6 survivors (6144K)
 Metaspace       used 118385K, committed 119872K, reserved 557056K
  class space    used 15793K, committed 16512K, reserved 425984K
}
Event: 963.684 GC heap after
{Heap after GC invocations=147 (full 0):
 garbage-first heap   total 455680K, used 225784K [0x0000000080000000, 0x0000000100000000)
  region size 1024K, 6 young (6144K), 6 survivors (6144K)
 Metaspace       used 118385K, committed 119872K, reserved 557056K
  class space    used 15793K, committed 16512K, reserved 425984K
}
Event: 978.942 GC heap before
{Heap before GC invocations=147 (full 0):
 garbage-first heap   total 455680K, used 266744K [0x0000000080000000, 0x0000000100000000)
  region size 1024K, 46 young (47104K), 6 survivors (6144K)
 Metaspace       used 118489K, committed 119936K, reserved 557056K
  class space    used 15801K, committed 16512K, reserved 425984K
}
Event: 979.074 GC heap after
{Heap after GC invocations=148 (full 0):
 garbage-first heap   total 455680K, used 230814K [0x0000000080000000, 0x0000000100000000)
  region size 1024K, 5 young (5120K), 5 survivors (5120K)
 Metaspace       used 118489K, committed 119936K, reserved 557056K
  class space    used 15801K, committed 16512K, reserved 425984K
}
Event: 2546.550 GC heap before
{Heap before GC invocations=148 (full 0):
 garbage-first heap   total 455680K, used 280990K [0x0000000080000000, 0x0000000100000000)
  region size 1024K, 55 young (56320K), 5 survivors (5120K)
 Metaspace       used 118564K, committed 120000K, reserved 557056K
  class space    used 15802K, committed 16512K, reserved 425984K
}
Event: 2546.771 GC heap after
{Heap after GC invocations=149 (full 0):
 garbage-first heap   total 455680K, used 231853K [0x0000000080000000, 0x0000000100000000)
  region size 1024K, 1 young (1024K), 1 survivors (1024K)
 Metaspace       used 118564K, committed 120000K, reserved 557056K
  class space    used 15802K, committed 16512K, reserved 425984K
}
Event: 2862.093 GC heap before
{Heap before GC invocations=149 (full 0):
 garbage-first heap   total 455680K, used 330157K [0x0000000080000000, 0x0000000100000000)
  region size 1024K, 98 young (100352K), 1 survivors (1024K)
 Metaspace       used 118966K, committed 120448K, reserved 557056K
  class space    used 15858K, committed 16576K, reserved 425984K
}
Event: 2862.290 GC heap after
{Heap after GC invocations=150 (full 0):
 garbage-first heap   total 455680K, used 241487K [0x0000000080000000, 0x0000000100000000)
  region size 1024K, 11 young (11264K), 11 survivors (11264K)
 Metaspace       used 118966K, committed 120448K, reserved 557056K
  class space    used 15858K, committed 16576K, reserved 425984K
}
Event: 2865.942 GC heap before
{Heap before GC invocations=150 (full 0):
 garbage-first heap   total 455680K, used 267087K [0x0000000080000000, 0x0000000100000000)
  region size 1024K, 36 young (36864K), 11 survivors (11264K)
 Metaspace       used 118989K, committed 120448K, reserved 557056K
  class space    used 15858K, committed 16576K, reserved 425984K
}
Event: 2866.031 GC heap after
{Heap after GC invocations=151 (full 0):
 garbage-first heap   total 455680K, used 243530K [0x0000000080000000, 0x0000000100000000)
  region size 1024K, 3 young (3072K), 3 survivors (3072K)
 Metaspace       used 118989K, committed 120448K, reserved 557056K
  class space    used 15858K, committed 16576K, reserved 425984K
}

