# JRE version: OpenJDK Runtime Environment Temurin-17.0.19+10 (17.0.19+10) (build 17.0.19+10)
# Java VM: OpenJDK 64-Bit Server VM Temurin-17.0.19+10 (17.0.19+10, mixed mode, sharing, tiered, compressed oops, compressed class ptrs, g1 gc, windows-amd64)
GC Precious Log:
 CPUs: 4 total, 4 available
 Memory: 3499M
 Large Page Support: Disabled
 NUMA Support: Disabled
 Compressed Oops: Enabled (32-bit)
 Heap Region Size: 1M
 Heap Min Capacity: 8M
 Heap Initial Capacity: 56M
 Heap Max Capacity: 2G
 Pre-touch: Disabled
 Parallel Workers: 4
 Concurrent Workers: 1
 Concurrent Refinement Workers: 4
 Periodic GC: Disabled
Heap:
 garbage-first heap   total 57344K, used 33862K [0x0000000080000000, 0x0000000100000000)
  region size 1024K, 11 young (11264K), 2 survivors (2048K)
 Metaspace       used 24881K, committed 25216K, reserved 491520K
  class space    used 3651K, committed 3776K, reserved 425984K
GC Heap History (20 events):
Event: 8.417 GC heap before
{Heap before GC invocations=1 (full 0):
 garbage-first heap   total 57344K, used 21696K [0x0000000080000000, 0x0000000100000000)
  region size 1024K, 20 young (20480K), 2 survivors (2048K)
 Metaspace       used 1737K, committed 1920K, reserved 491520K
  class space    used 154K, committed 256K, reserved 425984K
}
Event: 8.433 GC heap after
{Heap after GC invocations=2 (full 0):
 garbage-first heap   total 57344K, used 9890K [0x0000000080000000, 0x0000000100000000)
  region size 1024K, 3 young (3072K), 3 survivors (3072K)
 Metaspace       used 1737K, committed 1920K, reserved 491520K
  class space    used 154K, committed 256K, reserved 425984K
}
Event: 15.846 GC heap before
{Heap before GC invocations=2 (full 0):
 garbage-first heap   total 57344K, used 39586K [0x0000000080000000, 0x0000000100000000)
  region size 1024K, 32 young (32768K), 3 survivors (3072K)
 Metaspace       used 4405K, committed 4608K, reserved 491520K
  class space    used 549K, committed 640K, reserved 425984K
}
Event: 15.863 GC heap after
{Heap after GC invocations=3 (full 0):
 garbage-first heap   total 57344K, used 11367K [0x0000000080000000, 0x0000000100000000)
  region size 1024K, 2 young (2048K), 2 survivors (2048K)
 Metaspace       used 4405K, committed 4608K, reserved 491520K
  class space    used 549K, committed 640K, reserved 425984K
}
Event: 19.211 GC heap before
{Heap before GC invocations=3 (full 0):
 garbage-first heap   total 57344K, used 39015K [0x0000000080000000, 0x0000000100000000)
  region size 1024K, 29 young (29696K), 2 survivors (2048K)
 Metaspace       used 4426K, committed 4608K, reserved 491520K
  class space    used 549K, committed 640K, reserved 425984K
}
Event: 19.219 GC heap after
{Heap after GC invocations=4 (full 0):
 garbage-first heap   total 57344K, used 12000K [0x0000000080000000, 0x0000000100000000)
  region size 1024K, 2 young (2048K), 2 survivors (2048K)
 Metaspace       used 4426K, committed 4608K, reserved 491520K
  class space    used 549K, committed 640K, reserved 425984K
}
Event: 27.556 GC heap before
{Heap before GC invocations=4 (full 0):
 garbage-first heap   total 57344K, used 43744K [0x0000000080000000, 0x0000000100000000)
  region size 1024K, 31 young (31744K), 2 survivors (2048K)
 Metaspace       used 7417K, committed 7616K, reserved 491520K
  class space    used 987K, committed 1024K, reserved 425984K
}
Event: 27.566 GC heap after
{Heap after GC invocations=5 (full 0):
 garbage-first heap   total 57344K, used 17953K [0x0000000080000000, 0x0000000100000000)
  region size 1024K, 4 young (4096K), 4 survivors (4096K)
 Metaspace       used 7417K, committed 7616K, reserved 491520K
  class space    used 987K, committed 1024K, reserved 425984K
}
Event: 33.293 GC heap before
{Heap before GC invocations=5 (full 0):
 garbage-first heap   total 57344K, used 40481K [0x0000000080000000, 0x0000000100000000)
  region size 1024K, 27 young (27648K), 4 survivors (4096K)
 Metaspace       used 12240K, committed 12480K, reserved 491520K
  class space    used 1640K, committed 1728K, reserved 425984K
}
Event: 33.311 GC heap after
{Heap after GC invocations=6 (full 0):
 garbage-first heap   total 57344K, used 20551K [0x0000000080000000, 0x0000000100000000)
  region size 1024K, 3 young (3072K), 3 survivors (3072K)
 Metaspace       used 12240K, committed 12480K, reserved 491520K
  class space    used 1640K, committed 1728K, reserved 425984K
}
Event: 38.148 GC heap before
{Heap before GC invocations=6 (full 0):
 garbage-first heap   total 57344K, used 42055K [0x0000000080000000, 0x0000000100000000)
  region size 1024K, 24 young (24576K), 3 survivors (3072K)
 Metaspace       used 15524K, committed 15808K, reserved 491520K
  class space    used 2145K, committed 2304K, reserved 425984K
}
Event: 38.157 GC heap after
{Heap after GC invocations=7 (full 0):
 garbage-first heap   total 57344K, used 21729K [0x0000000080000000, 0x0000000100000000)
  region size 1024K, 2 young (2048K), 2 survivors (2048K)
 Metaspace       used 15524K, committed 15808K, reserved 491520K
  class space    used 2145K, committed 2304K, reserved 425984K
}
Event: 41.438 GC heap before
{Heap before GC invocations=7 (full 0):
 garbage-first heap   total 57344K, used 43233K [0x0000000080000000, 0x0000000100000000)
  region size 1024K, 23 young (23552K), 2 survivors (2048K)
 Metaspace       used 18360K, committed 18624K, reserved 491520K
  class space    used 2632K, committed 2752K, reserved 425984K
}
Event: 41.448 GC heap after
{Heap after GC invocations=8 (full 0):
 garbage-first heap   total 57344K, used 22647K [0x0000000080000000, 0x0000000100000000)
  region size 1024K, 3 young (3072K), 3 survivors (3072K)
 Metaspace       used 18360K, committed 18624K, reserved 491520K
  class space    used 2632K, committed 2752K, reserved 425984K
}
Event: 45.721 GC heap before
{Heap before GC invocations=8 (full 0):
 garbage-first heap   total 57344K, used 43127K [0x0000000080000000, 0x0000000100000000)
  region size 1024K, 24 young (24576K), 3 survivors (3072K)
 Metaspace       used 20709K, committed 20992K, reserved 491520K
  class space    used 3009K, committed 3136K, reserved 425984K
}
Event: 45.734 GC heap after
{Heap after GC invocations=9 (full 0):
 garbage-first heap   total 57344K, used 24398K [0x0000000080000000, 0x0000000100000000)
  region size 1024K, 3 young (3072K), 3 survivors (3072K)
 Metaspace       used 20709K, committed 20992K, reserved 491520K
  class space    used 3009K, committed 3136K, reserved 425984K
}
Event: 46.555 GC heap before
{Heap before GC invocations=9 (full 0):
 garbage-first heap   total 57344K, used 28494K [0x0000000080000000, 0x0000000100000000)
  region size 1024K, 8 young (8192K), 3 survivors (3072K)
 Metaspace       used 21141K, committed 21504K, reserved 491520K
  class space    used 3073K, committed 3264K, reserved 425984K
}
Event: 46.565 GC heap after
{Heap after GC invocations=10 (full 0):
 garbage-first heap   total 57344K, used 24689K [0x0000000080000000, 0x0000000100000000)
  region size 1024K, 2 young (2048K), 2 survivors (2048K)
 Metaspace       used 21141K, committed 21504K, reserved 491520K
  class space    used 3073K, committed 3264K, reserved 425984K
}
Event: 50.641 GC heap before
{Heap before GC invocations=11 (full 0):
 garbage-first heap   total 57344K, used 45169K [0x0000000080000000, 0x0000000100000000)
  region size 1024K, 22 young (22528K), 2 survivors (2048K)
 Metaspace       used 23792K, committed 24128K, reserved 491520K
  class space    used 3480K, committed 3648K, reserved 425984K
}
Event: 50.648 GC heap after
{Heap after GC invocations=12 (full 0):
 garbage-first heap   total 57344K, used 25670K [0x0000000080000000, 0x0000000100000000)
  region size 1024K, 2 young (2048K), 2 survivors (2048K)
 Metaspace       used 23792K, committed 24128K, reserved 491520K
  class space    used 3480K, committed 3648K, reserved 425984K
}

