# JRE version: OpenJDK Runtime Environment Temurin-17.0.19+10 (17.0.19+10) (build 17.0.19+10)
# Java VM: OpenJDK 64-Bit Server VM Temurin-17.0.19+10 (17.0.19+10, mixed mode, sharing, tiered, compressed oops, compressed class ptrs, g1 gc, windows-amd64)
GC Precious Log:
 CPUs: 4 total, 4 available
 Memory: 3499M
 Large Page Support: Disabled
 NUMA Support: Disabled
 Compressed Oops: Enabled (32-bit)
 Heap Region Size: 1M
 Heap Min Capacity: 8M
 Heap Initial Capacity: 56M
 Heap Max Capacity: 2G
 Pre-touch: Disabled
 Parallel Workers: 4
 Concurrent Workers: 1
 Concurrent Refinement Workers: 4
 Periodic GC: Disabled
Heap:
 garbage-first heap   total 191488K, used 101089K [0x0000000080000000, 0x0000000100000000)
  region size 1024K, 7 young (7168K), 5 survivors (5120K)
 Metaspace       used 78032K, committed 78912K, reserved 557056K
  class space    used 10651K, committed 11008K, reserved 425984K
GC Heap History (20 events):
Event: 178.476 GC heap before
{Heap before GC invocations=70 (full 0):
 garbage-first heap   total 96256K, used 88721K [0x0000000080000000, 0x0000000100000000)
  region size 1024K, 4 young (4096K), 1 survivors (1024K)
 Metaspace       used 61114K, committed 61888K, reserved 491520K
  class space    used 8220K, committed 8576K, reserved 425984K
}
Event: 178.483 GC heap after
{Heap after GC invocations=71 (full 0):
 garbage-first heap   total 191488K, used 85663K [0x0000000080000000, 0x0000000100000000)
  region size 1024K, 1 young (1024K), 1 survivors (1024K)
 Metaspace       used 61114K, committed 61888K, reserved 491520K
  class space    used 8220K, committed 8576K, reserved 425984K
}
Event: 182.028 GC heap before
{Heap before GC invocations=72 (full 0):
 garbage-first heap   total 191488K, used 123551K [0x0000000080000000, 0x0000000100000000)
  region size 1024K, 41 young (41984K), 1 survivors (1024K)
 Metaspace       used 64031K, committed 64768K, reserved 491520K
  class space    used 8613K, committed 8960K, reserved 425984K
}
Event: 182.039 GC heap after
{Heap after GC invocations=73 (full 0):
 garbage-first heap   total 191488K, used 84843K [0x0000000080000000, 0x0000000100000000)
  region size 1024K, 3 young (3072K), 3 survivors (3072K)
 Metaspace       used 64031K, committed 64768K, reserved 491520K
  class space    used 8613K, committed 8960K, reserved 425984K
}
Event: 182.440 GC heap before
{Heap before GC invocations=73 (full 0):
 garbage-first heap   total 191488K, used 90987K [0x0000000080000000, 0x0000000100000000)
  region size 1024K, 9 young (9216K), 3 survivors (3072K)
 Metaspace       used 64546K, committed 65216K, reserved 491520K
  class space    used 8654K, committed 8960K, reserved 425984K
}
Event: 182.448 GC heap after
{Heap after GC invocations=74 (full 0):
 garbage-first heap   total 191488K, used 83512K [0x0000000080000000, 0x0000000100000000)
  region size 1024K, 1 young (1024K), 1 survivors (1024K)
 Metaspace       used 64546K, committed 65216K, reserved 491520K
  class space    used 8654K, committed 8960K, reserved 425984K
}
Event: 185.418 GC heap before
{Heap before GC invocations=74 (full 0):
 garbage-first heap   total 191488K, used 142904K [0x0000000080000000, 0x0000000100000000)
  region size 1024K, 59 young (60416K), 1 survivors (1024K)
 Metaspace       used 65784K, committed 66560K, reserved 491520K
  class space    used 8831K, committed 9152K, reserved 425984K
}
Event: 185.434 GC heap after
{Heap after GC invocations=75 (full 0):
 garbage-first heap   total 191488K, used 87875K [0x0000000080000000, 0x0000000100000000)
  region size 1024K, 5 young (5120K), 5 survivors (5120K)
 Metaspace       used 65784K, committed 66560K, reserved 491520K
  class space    used 8831K, committed 9152K, reserved 425984K
}
Event: 187.554 GC heap before
{Heap before GC invocations=75 (full 0):
 garbage-first heap   total 191488K, used 118595K [0x0000000080000000, 0x0000000100000000)
  region size 1024K, 36 young (36864K), 5 survivors (5120K)
 Metaspace       used 68302K, committed 69120K, reserved 491520K
  class space    used 9170K, committed 9536K, reserved 425984K
}
Event: 187.572 GC heap after
{Heap after GC invocations=76 (full 0):
 garbage-first heap   total 191488K, used 89649K [0x0000000080000000, 0x0000000100000000)
  region size 1024K, 2 young (2048K), 2 survivors (2048K)
 Metaspace       used 68302K, committed 69120K, reserved 491520K
  class space    used 9170K, committed 9536K, reserved 425984K
}
Event: 201.299 GC heap before
{Heap before GC invocations=77 (full 0):
 garbage-first heap   total 191488K, used 149041K [0x0000000080000000, 0x0000000100000000)
  region size 1024K, 59 young (60416K), 2 survivors (2048K)
 Metaspace       used 72687K, committed 73408K, reserved 491520K
  class space    used 9900K, committed 10240K, reserved 425984K
}
Event: 201.320 GC heap after
{Heap after GC invocations=78 (full 0):
 garbage-first heap   total 191488K, used 90958K [0x0000000080000000, 0x0000000100000000)
  region size 1024K, 3 young (3072K), 3 survivors (3072K)
 Metaspace       used 72687K, committed 73408K, reserved 491520K
  class space    used 9900K, committed 10240K, reserved 425984K
}
Event: 201.827 GC heap before
{Heap before GC invocations=78 (full 0):
 garbage-first heap   total 191488K, used 97102K [0x0000000080000000, 0x0000000100000000)
  region size 1024K, 9 young (9216K), 3 survivors (3072K)
 Metaspace       used 73188K, committed 73920K, reserved 491520K
  class space    used 9965K, committed 10304K, reserved 425984K
}
Event: 201.845 GC heap after
{Heap after GC invocations=79 (full 0):
 garbage-first heap   total 191488K, used 89757K [0x0000000080000000, 0x0000000100000000)
  region size 1024K, 1 young (1024K), 1 survivors (1024K)
 Metaspace       used 73188K, committed 73920K, reserved 491520K
  class space    used 9965K, committed 10304K, reserved 425984K
}
Event: 212.414 GC heap before
{Heap before GC invocations=79 (full 0):
 garbage-first heap   total 191488K, used 150173K [0x0000000080000000, 0x0000000100000000)
  region size 1024K, 61 young (62464K), 1 survivors (1024K)
 Metaspace       used 76966K, committed 77760K, reserved 557056K
  class space    used 10468K, committed 10816K, reserved 425984K
}
Event: 212.431 GC heap after
{Heap after GC invocations=80 (full 0):
 garbage-first heap   total 191488K, used 94340K [0x0000000080000000, 0x0000000100000000)
  region size 1024K, 6 young (6144K), 6 survivors (6144K)
 Metaspace       used 76966K, committed 77760K, reserved 557056K
  class space    used 10468K, committed 10816K, reserved 425984K
}
Event: 226.500 GC heap before
{Heap before GC invocations=80 (full 0):
 garbage-first heap   total 191488K, used 151684K [0x0000000080000000, 0x0000000100000000)
  region size 1024K, 63 young (64512K), 6 survivors (6144K)
 Metaspace       used 77994K, committed 78848K, reserved 557056K
  class space    used 10648K, committed 11008K, reserved 425984K
}
Event: 226.556 GC heap after
{Heap after GC invocations=81 (full 0):
 garbage-first heap   total 191488K, used 97407K [0x0000000080000000, 0x0000000100000000)
  region size 1024K, 3 young (3072K), 3 survivors (3072K)
 Metaspace       used 77994K, committed 78848K, reserved 557056K
  class space    used 10648K, committed 11008K, reserved 425984K
}
Event: 227.804 GC heap before
{Heap before GC invocations=81 (full 0):
 garbage-first heap   total 191488K, used 121983K [0x0000000080000000, 0x0000000100000000)
  region size 1024K, 28 young (28672K), 3 survivors (3072K)
 Metaspace       used 78032K, committed 78912K, reserved 557056K
  class space    used 10651K, committed 11008K, reserved 425984K
}
Event: 227.846 GC heap after
{Heap after GC invocations=82 (full 0):
 garbage-first heap   total 191488K, used 99041K [0x0000000080000000, 0x0000000100000000)
  region size 1024K, 5 young (5120K), 5 survivors (5120K)
 Metaspace       used 78032K, committed 78912K, reserved 557056K
  class space    used 10651K, committed 11008K, reserved 425984K
}

