# JRE version: OpenJDK Runtime Environment Temurin-17.0.19+10 (17.0.19+10) (build 17.0.19+10)
# Java VM: OpenJDK 64-Bit Server VM Temurin-17.0.19+10 (17.0.19+10, mixed mode, sharing, tiered, compressed oops, compressed class ptrs, g1 gc, windows-amd64)
GC Precious Log:
 CPUs: 4 total, 4 available
 Memory: 3499M
 Large Page Support: Disabled
 NUMA Support: Disabled
 Compressed Oops: Enabled (32-bit)
 Heap Region Size: 1M
 Heap Min Capacity: 8M
 Heap Initial Capacity: 56M
 Heap Max Capacity: 2G
 Pre-touch: Disabled
 Parallel Workers: 4
 Concurrent Workers: 1
 Concurrent Refinement Workers: 4
 Periodic GC: Disabled
Heap:
 garbage-first heap   total 66560K, used 39848K [0x0000000080000000, 0x0000000100000000)
  region size 1024K, 3 young (3072K), 1 survivors (1024K)
 Metaspace       used 41276K, committed 41792K, reserved 491520K
  class space    used 5715K, committed 5952K, reserved 425984K
GC Heap History (20 events):
Event: 20.379 GC heap before
{Heap before GC invocations=12 (full 0):
 garbage-first heap   total 57344K, used 45413K [0x0000000080000000, 0x0000000100000000)
  region size 1024K, 23 young (23552K), 3 survivors (3072K)
 Metaspace       used 26644K, committed 27072K, reserved 491520K
  class space    used 3946K, committed 4160K, reserved 425984K
}
Event: 20.386 GC heap after
{Heap after GC invocations=13 (full 0):
 garbage-first heap   total 57344K, used 26292K [0x0000000080000000, 0x0000000100000000)
  region size 1024K, 3 young (3072K), 3 survivors (3072K)
 Metaspace       used 26644K, committed 27072K, reserved 491520K
  class space    used 3946K, committed 4160K, reserved 425984K
}
Event: 22.200 GC heap before
{Heap before GC invocations=13 (full 0):
 garbage-first heap   total 57344K, used 44724K [0x0000000080000000, 0x0000000100000000)
  region size 1024K, 22 young (22528K), 3 survivors (3072K)
 Metaspace       used 30565K, committed 30912K, reserved 491520K
  class space    used 4355K, committed 4480K, reserved 425984K
}
Event: 22.208 GC heap after
{Heap after GC invocations=14 (full 0):
 garbage-first heap   total 57344K, used 28230K [0x0000000080000000, 0x0000000100000000)
  region size 1024K, 3 young (3072K), 3 survivors (3072K)
 Metaspace       used 30565K, committed 30912K, reserved 491520K
  class space    used 4355K, committed 4480K, reserved 425984K
}
Event: 23.147 GC heap before
{Heap before GC invocations=14 (full 0):
 garbage-first heap   total 57344K, used 44614K [0x0000000080000000, 0x0000000100000000)
  region size 1024K, 20 young (20480K), 3 survivors (3072K)
 Metaspace       used 32153K, committed 32640K, reserved 491520K
  class space    used 4516K, committed 4736K, reserved 425984K
}
Event: 23.156 GC heap after
{Heap after GC invocations=15 (full 0):
 garbage-first heap   total 57344K, used 30813K [0x0000000080000000, 0x0000000100000000)
  region size 1024K, 3 young (3072K), 3 survivors (3072K)
 Metaspace       used 32153K, committed 32640K, reserved 491520K
  class space    used 4516K, committed 4736K, reserved 425984K
}
Event: 23.737 GC heap before
{Heap before GC invocations=15 (full 0):
 garbage-first heap   total 57344K, used 45149K [0x0000000080000000, 0x0000000100000000)
  region size 1024K, 17 young (17408K), 3 survivors (3072K)
 Metaspace       used 32813K, committed 33280K, reserved 491520K
  class space    used 4609K, committed 4864K, reserved 425984K
}
Event: 23.742 GC heap after
{Heap after GC invocations=16 (full 0):
 garbage-first heap   total 57344K, used 30919K [0x0000000080000000, 0x0000000100000000)
  region size 1024K, 2 young (2048K), 2 survivors (2048K)
 Metaspace       used 32813K, committed 33280K, reserved 491520K
  class space    used 4609K, committed 4864K, reserved 425984K
}
Event: 26.216 GC heap before
{Heap before GC invocations=17 (full 0):
 garbage-first heap   total 57344K, used 49351K [0x0000000080000000, 0x0000000100000000)
  region size 1024K, 16 young (16384K), 2 survivors (2048K)
 Metaspace       used 34764K, committed 35264K, reserved 491520K
  class space    used 4810K, committed 5056K, reserved 425984K
}
Event: 26.221 GC heap after
{Heap after GC invocations=18 (full 0):
 garbage-first heap   total 57344K, used 32571K [0x0000000080000000, 0x0000000100000000)
  region size 1024K, 2 young (2048K), 2 survivors (2048K)
 Metaspace       used 34764K, committed 35264K, reserved 491520K
  class space    used 4810K, committed 5056K, reserved 425984K
}
Event: 27.288 GC heap before
{Heap before GC invocations=18 (full 0):
 garbage-first heap   total 57344K, used 45883K [0x0000000080000000, 0x0000000100000000)
  region size 1024K, 15 young (15360K), 2 survivors (2048K)
 Metaspace       used 36059K, committed 36544K, reserved 491520K
  class space    used 5001K, committed 5248K, reserved 425984K
}
Event: 27.292 GC heap after
{Heap after GC invocations=19 (full 0):
 garbage-first heap   total 57344K, used 33709K [0x0000000080000000, 0x0000000100000000)
  region size 1024K, 2 young (2048K), 2 survivors (2048K)
 Metaspace       used 36059K, committed 36544K, reserved 491520K
  class space    used 5001K, committed 5248K, reserved 425984K
}
Event: 28.052 GC heap before
{Heap before GC invocations=20 (full 0):
 garbage-first heap   total 61440K, used 44973K [0x0000000080000000, 0x0000000100000000)
  region size 1024K, 14 young (14336K), 2 survivors (2048K)
 Metaspace       used 37473K, committed 37952K, reserved 491520K
  class space    used 5216K, committed 5440K, reserved 425984K
}
Event: 28.057 GC heap after
{Heap after GC invocations=21 (full 0):
 garbage-first heap   total 61440K, used 34300K [0x0000000080000000, 0x0000000100000000)
  region size 1024K, 1 young (1024K), 1 survivors (1024K)
 Metaspace       used 37473K, committed 37952K, reserved 491520K
  class space    used 5216K, committed 5440K, reserved 425984K
}
Event: 29.030 GC heap before
{Heap before GC invocations=21 (full 0):
 garbage-first heap   total 61440K, used 49660K [0x0000000080000000, 0x0000000100000000)
  region size 1024K, 16 young (16384K), 1 survivors (1024K)
 Metaspace       used 38784K, committed 39232K, reserved 491520K
  class space    used 5424K, committed 5632K, reserved 425984K
}
Event: 29.037 GC heap after
{Heap after GC invocations=22 (full 0):
 garbage-first heap   total 61440K, used 35784K [0x0000000080000000, 0x0000000100000000)
  region size 1024K, 2 young (2048K), 2 survivors (2048K)
 Metaspace       used 38784K, committed 39232K, reserved 491520K
  class space    used 5424K, committed 5632K, reserved 425984K
}
Event: 31.536 GC heap before
{Heap before GC invocations=23 (full 0):
 garbage-first heap   total 61440K, used 49096K [0x0000000080000000, 0x0000000100000000)
  region size 1024K, 16 young (16384K), 2 survivors (2048K)
 Metaspace       used 40408K, committed 40960K, reserved 491520K
  class space    used 5696K, committed 5952K, reserved 425984K
}
Event: 31.541 GC heap after
{Heap after GC invocations=24 (full 0):
 garbage-first heap   total 61440K, used 36419K [0x0000000080000000, 0x0000000100000000)
  region size 1024K, 1 young (1024K), 1 survivors (1024K)
 Metaspace       used 40408K, committed 40960K, reserved 491520K
  class space    used 5696K, committed 5952K, reserved 425984K
}
Event: 31.610 GC heap before
{Heap before GC invocations=24 (full 0):
 garbage-first heap   total 61440K, used 36419K [0x0000000080000000, 0x0000000100000000)
  region size 1024K, 3 young (3072K), 1 survivors (1024K)
 Metaspace       used 40563K, committed 41088K, reserved 491520K
  class space    used 5702K, committed 5952K, reserved 425984K
}
Event: 31.612 GC heap after
{Heap after GC invocations=25 (full 0):
 garbage-first heap   total 61440K, used 36776K [0x0000000080000000, 0x0000000100000000)
  region size 1024K, 1 young (1024K), 1 survivors (1024K)
 Metaspace       used 40563K, committed 41088K, reserved 491520K
  class space    used 5702K, committed 5952K, reserved 425984K
}

